2024-05-20T14:38:14.203Z - INFO - current burn block height: 9909
2024-05-20T14:38:14.408Z - INFO - current cycle: 10
2024-05-20T14:38:14.409Z - INFO - is in reward phase
2024-05-20T14:38:14.604Z - INFO - partial stacked by cycle 11: 0
2024-05-20T14:38:15.083Z - INFO - stacking minimum by cycle 11: 16441018767631
2024-05-20T14:38:50.384Z - INFO - current burn block height: 9910
2024-05-20T14:38:50.879Z - INFO - current cycle: 10
2024-05-20T14:38:50.879Z - INFO - is in reward phase
2024-05-20T14:38:51.089Z - INFO - partial stacked by cycle 11: 0
2024-05-20T14:38:51.909Z - INFO - stacking minimum by cycle 11: 16441018898769
2024-05-20T14:40:10.373Z - INFO - current cycle changed from 10 to: 10
2024-05-20T14:40:10.374Z - INFO - current burn block height: 9910
2024-05-20T14:40:10.915Z - INFO - current cycle: 10
2024-05-20T14:40:10.915Z - INFO - is in reward phase
2024-05-20T14:40:11.102Z - INFO - partial stacked by cycle 11: 0
2024-05-20T14:40:11.612Z - INFO - stacking minimum by cycle 11: 16441018898769
2024-05-20T14:40:40.185Z - INFO - current cycle changed from 10 to: 10
2024-05-20T14:40:40.186Z - INFO - current burn block height: 9910
2024-05-20T14:40:40.399Z - INFO - current cycle: 10
2024-05-20T14:40:40.399Z - INFO - is in reward phase
2024-05-20T14:40:40.593Z - INFO - partial stacked by cycle 11: 0
2024-05-20T14:40:41.369Z - INFO - stacking minimum by cycle 11: 16441019029906
2024-05-20T14:40:50.306Z - INFO - current burn block height: 9911
2024-05-20T14:40:50.516Z - INFO - current cycle: 10
2024-05-20T14:40:50.518Z - INFO - is in reward phase
2024-05-20T14:40:50.717Z - INFO - partial stacked by cycle 11: 0
2024-05-20T14:40:51.209Z - INFO - stacking minimum by cycle 11: 16441019029906
2024-05-20T14:44:00.911Z - INFO - current burn block height: 9912
2024-05-20T14:44:01.263Z - INFO - current cycle: 10
2024-05-20T14:44:01.264Z - INFO - is in reward phase
2024-05-20T14:44:01.518Z - INFO - partial stacked by cycle 11: 0
2024-05-20T14:44:02.214Z - INFO - stacking minimum by cycle 11: 16441019161044
2024-05-20T14:46:20.383Z - INFO - current burn block height: 9913
2024-05-20T14:46:20.607Z - INFO - current cycle: 10
2024-05-20T14:46:20.607Z - INFO - is in reward phase
2024-05-20T14:46:20.801Z - INFO - partial stacked by cycle 11: 0
2024-05-20T14:46:21.573Z - INFO - stacking minimum by cycle 11: 16441019292181
2024-05-20T14:50:00.399Z - INFO - current burn block height: 9914
2024-05-20T14:50:00.753Z - INFO - current cycle: 10
2024-05-20T14:50:00.754Z - INFO - is in reward phase
2024-05-20T14:50:01.087Z - INFO - partial stacked by cycle 11: 0
2024-05-20T14:50:02.125Z - INFO - stacking minimum by cycle 11: 16441019423319
2024-05-20T14:59:18.564Z - INFO - current burn block height: 9917
2024-05-20T14:59:18.865Z - INFO - current cycle: 10
2024-05-20T14:59:18.865Z - INFO - is in reward phase
2024-05-20T14:59:19.091Z - INFO - partial stacked by cycle 11: 0
2024-05-20T14:59:19.867Z - INFO - stacking minimum by cycle 11: 16441019816731
2024-05-20T15:01:10.400Z - INFO - current burn block height: 9917
2024-05-20T15:01:10.823Z - INFO - current cycle: 10
2024-05-20T15:01:10.823Z - INFO - is in reward phase
2024-05-20T15:01:11.050Z - INFO - partial stacked by cycle 11: 0
2024-05-20T15:01:11.653Z - INFO - stacking minimum by cycle 11: 16441019947869
2024-05-20T15:01:30.343Z - INFO - current burn block height: 9918
2024-05-20T15:01:30.787Z - INFO - current cycle: 10
2024-05-20T15:01:30.788Z - INFO - is in reward phase
2024-05-20T15:01:31.099Z - INFO - partial stacked by cycle 11: 0
2024-05-20T15:01:31.580Z - INFO - stacking minimum by cycle 11: 16441019947869
2024-05-20T15:17:43.423Z - INFO - current burn block height: 9923
2024-05-20T15:17:43.857Z - INFO - current cycle: 10
2024-05-20T15:17:43.857Z - INFO - is in reward phase
2024-05-20T15:17:44.093Z - INFO - partial stacked by cycle 11: 0
2024-05-20T15:17:44.620Z - INFO - stacking minimum by cycle 11: 16441020603556
2024-05-20T15:19:20.374Z - INFO - current burn block height: 9924
2024-05-20T15:19:20.704Z - INFO - current cycle: 10
2024-05-20T15:19:20.705Z - INFO - is in reward phase
2024-05-20T15:19:20.941Z - INFO - partial stacked by cycle 11: 0
2024-05-20T15:19:21.703Z - INFO - stacking minimum by cycle 11: 16441020734694
2024-05-20T15:26:36.882Z - INFO - current burn block height: 9926
2024-05-20T15:26:37.472Z - INFO - current cycle: 10
2024-05-20T15:26:37.472Z - INFO - is in reward phase
2024-05-20T15:26:37.703Z - INFO - partial stacked by cycle 11: 0
2024-05-20T15:26:38.353Z - INFO - stacking minimum by cycle 11: 16441020996969
2024-05-20T15:28:30.350Z - INFO - current burn block height: 9927
2024-05-20T15:28:30.693Z - INFO - current cycle: 10
2024-05-20T15:28:30.694Z - INFO - is in reward phase
2024-05-20T15:28:30.933Z - INFO - partial stacked by cycle 11: 0
2024-05-20T15:28:31.635Z - INFO - stacking minimum by cycle 11: 16441021128106
2024-05-20T15:29:30.339Z - INFO - current burn block height: 9927
2024-05-20T15:29:30.978Z - INFO - current cycle: 10
2024-05-20T15:29:30.980Z - INFO - is in reward phase
2024-05-20T15:29:31.203Z - INFO - partial stacked by cycle 11: 0
2024-05-20T15:29:31.696Z - INFO - stacking minimum by cycle 11: 16441021128106
2024-05-20T15:31:10.328Z - INFO - current burn block height: 9928
2024-05-20T15:31:10.879Z - INFO - current cycle: 10
2024-05-20T15:31:10.881Z - INFO - is in reward phase
2024-05-20T15:31:11.108Z - INFO - partial stacked by cycle 11: 0
2024-05-20T15:31:11.762Z - INFO - stacking minimum by cycle 11: 16441021259244
2024-05-20T15:34:30.201Z - INFO - current burn block height: 9928
2024-05-20T15:34:30.415Z - INFO - current cycle: 10
2024-05-20T15:34:30.416Z - INFO - is in reward phase
2024-05-20T15:34:30.622Z - INFO - partial stacked by cycle 11: 0
2024-05-20T15:34:31.276Z - INFO - stacking minimum by cycle 11: 16441021259244
2024-05-20T15:35:00.343Z - INFO - current burn block height: 9929
2024-05-20T15:35:00.955Z - INFO - current cycle: 10
2024-05-20T15:35:00.956Z - INFO - is in reward phase
2024-05-20T15:35:01.165Z - INFO - partial stacked by cycle 11: 0
2024-05-20T15:35:01.728Z - INFO - stacking minimum by cycle 11: 16441021390381
2024-05-20T15:35:50.448Z - INFO - current burn block height: 9929
2024-05-20T15:35:50.682Z - INFO - current cycle: 10
2024-05-20T15:35:50.682Z - INFO - is in reward phase
2024-05-20T15:35:50.922Z - INFO - partial stacked by cycle 11: 0
2024-05-20T15:35:51.454Z - INFO - stacking minimum by cycle 11: 16441021390381
2024-05-20T15:37:50.303Z - INFO - current burn block height: 9930
2024-05-20T15:37:50.856Z - INFO - current cycle: 10
2024-05-20T15:37:50.857Z - INFO - is in reward phase
2024-05-20T15:37:51.141Z - INFO - partial stacked by cycle 11: 0
2024-05-20T15:37:52.296Z - INFO - stacking minimum by cycle 11: 16441021521519
2024-05-20T15:40:50.338Z - INFO - current burn block height: 9931
2024-05-20T15:40:50.883Z - INFO - current cycle: 10
2024-05-20T15:40:50.884Z - INFO - is in reward phase
2024-05-20T15:40:51.095Z - INFO - partial stacked by cycle 11: 0
2024-05-20T15:40:52.017Z - INFO - stacking minimum by cycle 11: 16441021652656
2024-05-20T15:43:50.421Z - INFO - current burn block height: 9932
2024-05-20T15:43:50.760Z - INFO - current cycle: 10
2024-05-20T15:43:50.761Z - INFO - is in reward phase
2024-05-20T15:43:50.998Z - INFO - partial stacked by cycle 11: 0
2024-05-20T15:43:51.520Z - INFO - stacking minimum by cycle 11: 16441021783794
2024-05-20T15:46:50.339Z - INFO - current burn block height: 9933
2024-05-20T15:46:50.649Z - INFO - current cycle: 10
2024-05-20T15:46:50.651Z - INFO - is in reward phase
2024-05-20T15:46:50.886Z - INFO - partial stacked by cycle 11: 0
2024-05-20T15:46:51.551Z - INFO - stacking minimum by cycle 11: 16441021914931
2024-05-20T15:49:30.388Z - INFO - current burn block height: 9934
2024-05-20T15:49:30.713Z - INFO - current cycle: 10
2024-05-20T15:49:30.713Z - INFO - is in reward phase
2024-05-20T15:49:30.945Z - INFO - partial stacked by cycle 11: 0
2024-05-20T15:49:32.101Z - INFO - stacking minimum by cycle 11: 16441022046069
2024-05-20T15:50:10.350Z - INFO - current burn block height: 9934
2024-05-20T15:50:10.563Z - INFO - current cycle: 10
2024-05-20T15:50:10.564Z - INFO - is in reward phase
2024-05-20T15:50:10.800Z - INFO - partial stacked by cycle 11: [object Object]
2024-05-20T15:50:11.338Z - INFO - stacking minimum by cycle 11: 16441022046069
2024-05-20T15:51:18.972Z - INFO - current burn block height: 9934
2024-05-20T15:51:19.187Z - INFO - current cycle: 10
2024-05-20T15:51:19.187Z - INFO - is in reward phase
2024-05-20T15:51:19.385Z - INFO - partial stacked by cycle 11: [object Object]
2024-05-20T15:51:19.886Z - INFO - stacking minimum by cycle 11: 16441022046069
2024-05-20T15:51:50.307Z - INFO - current burn block height: 9934
2024-05-20T15:51:50.755Z - INFO - current cycle: 10
2024-05-20T15:51:50.756Z - INFO - is in reward phase
2024-05-20T15:51:50.966Z - INFO - partial stacked by cycle 11: [object Object]
2024-05-20T15:51:51.736Z - INFO - stacking minimum by cycle 11: 16441022046069
2024-05-20T15:52:26.892Z - INFO - current burn block height: 9935
2024-05-20T15:52:27.117Z - INFO - current cycle: 10
2024-05-20T15:52:27.118Z - INFO - is in reward phase
2024-05-20T15:52:27.324Z - INFO - partial stacked by cycle 11: [object Object]
2024-05-20T15:52:27.813Z - INFO - stacking minimum by cycle 11: 16441022177206
2024-05-20T15:55:20.455Z - INFO - current burn block height: 9936
2024-05-20T15:55:20.783Z - INFO - current cycle: 10
2024-05-20T15:55:20.784Z - INFO - is in reward phase
2024-05-20T15:55:20.981Z - INFO - partial stacked by cycle 11: 48671989000000
2024-05-20T15:55:21.783Z - INFO - stacking minimum by cycle 11: 16441022308344
2024-05-20T15:55:22.967Z - INFO - partial stacked enough, performed agg-commit e504f6add4598da6dec87c065c3fdcb67f9c455ba580ffc02edd968d0aad291b
2024-05-20T15:57:12.368Z - INFO - current burn block height: 9936
2024-05-20T15:57:12.689Z - INFO - current cycle: 10
2024-05-20T15:57:12.689Z - INFO - is in reward phase
2024-05-20T15:57:12.894Z - INFO - partial stacked by cycle 11: 48671989000000
2024-05-20T15:57:13.690Z - INFO - stacking minimum by cycle 11: 16441022308344
2024-05-20T15:57:15.128Z - INFO - partial stacked enough, performed agg-commit 36b4bde435918140f55f530c4713171e2fad6cfe423297b3bf2366e2df02b387
2024-05-20T15:58:30.366Z - INFO - current burn block height: 9937
2024-05-20T15:58:31.018Z - INFO - current cycle: 10
2024-05-20T15:58:31.019Z - INFO - is in reward phase
2024-05-20T15:58:31.218Z - INFO - partial stacked by cycle 11: 48671989000000
2024-05-20T15:58:31.856Z - INFO - stacking minimum by cycle 11: 16441022439481
2024-05-20T15:58:33.154Z - INFO - partial stacked enough, performed agg-commit 791d205283b1443d43960a4c9a7f9cf122a2cdfc19a10a232d7a103248712982
2024-05-20T16:01:10.398Z - INFO - current burn block height: 9938
2024-05-20T16:01:10.722Z - INFO - current cycle: 10
2024-05-20T16:01:10.722Z - INFO - is in reward phase
2024-05-20T16:01:10.916Z - INFO - partial stacked by cycle 11: 48671989000000
2024-05-20T16:01:11.679Z - INFO - stacking minimum by cycle 11: 16441022570619
2024-05-20T16:01:12.875Z - INFO - partial stacked enough, performed agg-commit 7caca9df62f713c098a86e8e8575c72d0d610f4ac4f3c7657ac6619e6b5825bb
2024-05-20T16:04:50.308Z - INFO - current burn block height: 9939
2024-05-20T16:04:50.621Z - INFO - current cycle: 10
2024-05-20T16:04:50.621Z - INFO - is in reward phase
2024-05-20T16:04:50.821Z - INFO - partial stacked by cycle 11: 48671989000000
2024-05-20T16:04:51.285Z - INFO - stacking minimum by cycle 11: 16441022701756
2024-05-20T16:04:52.668Z - INFO - partial stacked enough, performed agg-commit 58eb22260e91f45a580ca9ac26998ba0614cd5e0070f4b0b08a23c24a17e9856
2024-05-20T16:07:10.427Z - INFO - current burn block height: 9939
2024-05-20T16:07:10.800Z - INFO - current cycle: 10
2024-05-20T16:07:10.801Z - INFO - is in reward phase
2024-05-20T16:07:11.024Z - INFO - partial stacked by cycle 11: 48671989000000
2024-05-20T16:07:11.682Z - INFO - stacking minimum by cycle 11: 16441022701756
2024-05-20T16:07:12.975Z - INFO - partial stacked enough, performed agg-commit d0cfeb08a3738efc1cf89f84e9bf82222b747808a21c85f3f11754b1fe001594
2024-05-20T16:07:50.388Z - INFO - current burn block height: 9940
2024-05-20T16:07:50.631Z - INFO - current cycle: 10
2024-05-20T16:07:50.632Z - INFO - is in reward phase
2024-05-20T16:07:50.872Z - INFO - partial stacked by cycle 11: 48671989000000
2024-05-20T16:07:51.387Z - INFO - stacking minimum by cycle 11: 16441022832894
2024-05-20T16:07:52.584Z - INFO - partial stacked enough, performed agg-commit cefda7ea243294d95173d1d16f94a6f8efb8fd9f138cb421b350d6d008ba0653
2024-05-23T16:59:21.516Z - ERROR - failed to get partial stacked by cycle: TypeError: Cannot read properties of null (reading 'value')
2024-05-23T16:59:21.952Z - ERROR - failed to get partial stacked by cycle: TypeError: Cannot read properties of null (reading 'value')
2024-05-23T16:59:22.123Z - ERROR - failed to get partial stacked by cycle: TypeError: Cannot read properties of null (reading 'value')
2024-05-23T16:59:30.546Z - ERROR - failed to get partial stacked by cycle: TypeError: Cannot read properties of null (reading 'value')
2024-05-23T16:59:30.755Z - ERROR - failed to get partial stacked by cycle: TypeError: Cannot read properties of null (reading 'value')
2024-05-23T16:59:30.938Z - ERROR - failed to get partial stacked by cycle: TypeError: Cannot read properties of null (reading 'value')
2024-05-23T16:59:31.441Z - ERROR - failed to get partial stacked by cycle: TypeError: Cannot read properties of null (reading 'value')
2024-05-23T16:59:31.614Z - ERROR - failed to get partial stacked by cycle: TypeError: Cannot read properties of null (reading 'value')
2024-05-27T22:16:36.080Z - INFO - current cycle changed from 14 to: 14
2024-05-27T22:16:36.082Z - INFO - current burn block height: 13421
2024-05-27T22:16:36.262Z - INFO - current cycle: 14
2024-05-27T22:16:36.263Z - INFO - is in reward phase
2024-05-27T22:19:00.255Z - INFO - current burn block height: 13422
2024-05-27T22:19:00.559Z - INFO - current cycle: 14
2024-05-27T22:19:00.559Z - INFO - is in reward phase
2024-05-27T22:19:00.720Z - ERROR - failed to get partial stacked by cycle: TypeError: Cannot read properties of null (reading 'value')
2024-05-27T22:19:00.720Z - INFO - partial stacked by cycle 15: 0
2024-05-27T22:19:01.214Z - INFO - stacking minimum by cycle 15: 16444954804302
2024-05-27T22:21:20.207Z - INFO - current burn block height: 13423
2024-05-27T22:21:20.516Z - INFO - current cycle: 14
2024-05-27T22:21:20.516Z - INFO - is in reward phase
2024-05-27T22:21:20.681Z - ERROR - failed to get partial stacked by cycle: TypeError: Cannot read properties of null (reading 'value')
2024-05-27T22:21:20.681Z - INFO - partial stacked by cycle 15: 0
2024-05-27T22:21:21.165Z - INFO - stacking minimum by cycle 15: 16444954929302
2024-05-27T22:24:20.215Z - INFO - current burn block height: 13424
2024-05-27T22:24:20.505Z - INFO - current cycle: 14
2024-05-27T22:24:20.506Z - INFO - is in reward phase
2024-05-27T22:24:20.677Z - ERROR - failed to get partial stacked by cycle: TypeError: Cannot read properties of null (reading 'value')
2024-05-27T22:24:20.677Z - INFO - partial stacked by cycle 15: 0
2024-05-27T22:24:21.175Z - INFO - stacking minimum by cycle 15: 16444955179302
2024-05-27T22:27:20.230Z - INFO - current burn block height: 13425
2024-05-27T22:27:20.569Z - INFO - current cycle: 14
2024-05-27T22:27:20.570Z - INFO - is in reward phase
2024-05-27T22:27:20.851Z - ERROR - failed to get partial stacked by cycle: TypeError: Cannot read properties of null (reading 'value')
2024-05-27T22:27:20.852Z - INFO - partial stacked by cycle 15: 0
2024-05-27T22:27:21.346Z - INFO - stacking minimum by cycle 15: 16444955304302
2024-05-27T22:30:20.200Z - INFO - current burn block height: 13426
2024-05-27T22:30:20.483Z - INFO - current cycle: 14
2024-05-27T22:30:20.484Z - INFO - is in reward phase
2024-05-27T22:30:20.649Z - ERROR - failed to get partial stacked by cycle: TypeError: Cannot read properties of null (reading 'value')
2024-05-27T22:30:20.649Z - INFO - partial stacked by cycle 15: 0
2024-05-27T22:30:21.158Z - INFO - stacking minimum by cycle 15: 16444955429302
2024-05-27T22:33:20.223Z - INFO - current burn block height: 13427
2024-05-27T22:33:20.612Z - INFO - current cycle: 14
2024-05-27T22:33:20.613Z - INFO - is in reward phase
2024-05-27T22:33:20.775Z - ERROR - failed to get partial stacked by cycle: TypeError: Cannot read properties of null (reading 'value')
2024-05-27T22:33:20.776Z - INFO - partial stacked by cycle 15: 0
2024-05-27T22:33:21.386Z - INFO - stacking minimum by cycle 15: 16444955554302
2024-05-27T22:37:00.230Z - INFO - current burn block height: 13428
2024-05-27T22:37:00.511Z - INFO - current cycle: 14
2024-05-27T22:37:00.511Z - INFO - is in reward phase
2024-05-27T22:37:00.667Z - ERROR - failed to get partial stacked by cycle: TypeError: Cannot read properties of null (reading 'value')
2024-05-27T22:37:00.668Z - INFO - partial stacked by cycle 15: 0
2024-05-27T22:37:01.228Z - INFO - stacking minimum by cycle 15: 16444955679302
2024-05-27T22:40:00.249Z - INFO - current burn block height: 13429
2024-05-27T22:40:00.595Z - INFO - current cycle: 14
2024-05-27T22:40:00.596Z - INFO - is in reward phase
2024-05-27T22:40:00.759Z - ERROR - failed to get partial stacked by cycle: TypeError: Cannot read properties of null (reading 'value')
2024-05-27T22:40:00.759Z - INFO - partial stacked by cycle 15: 0
2024-05-27T22:40:01.262Z - INFO - stacking minimum by cycle 15: 16444955804302
2024-05-27T22:43:00.245Z - INFO - current burn block height: 13430
2024-05-27T22:43:00.529Z - INFO - current cycle: 14
2024-05-27T22:43:00.529Z - INFO - is in reward phase
2024-05-27T22:43:00.692Z - ERROR - failed to get partial stacked by cycle: TypeError: Cannot read properties of null (reading 'value')
2024-05-27T22:43:00.693Z - INFO - partial stacked by cycle 15: 0
2024-05-27T22:43:01.193Z - INFO - stacking minimum by cycle 15: 16444955929302
2024-05-27T22:46:00.258Z - INFO - current burn block height: 13431
2024-05-27T22:46:00.554Z - INFO - current cycle: 14
2024-05-27T22:46:00.555Z - INFO - is in reward phase
2024-05-27T22:46:00.716Z - ERROR - failed to get partial stacked by cycle: TypeError: Cannot read properties of null (reading 'value')
2024-05-27T22:46:00.717Z - INFO - partial stacked by cycle 15: 0
2024-05-27T22:46:01.212Z - INFO - stacking minimum by cycle 15: 16444956054302
2024-05-27T22:48:20.268Z - INFO - current burn block height: 13432
2024-05-27T22:48:20.624Z - INFO - current cycle: 14
2024-05-27T22:48:20.624Z - INFO - is in reward phase
2024-05-27T22:48:20.784Z - ERROR - failed to get partial stacked by cycle: TypeError: Cannot read properties of null (reading 'value')
2024-05-27T22:48:20.784Z - INFO - partial stacked by cycle 15: 0
2024-05-27T22:48:21.291Z - INFO - stacking minimum by cycle 15: 16444956179302
2024-05-27T22:51:20.227Z - INFO - current burn block height: 13433
2024-05-27T22:51:20.543Z - INFO - current cycle: 14
2024-05-27T22:51:20.543Z - INFO - is in reward phase
2024-05-27T22:51:20.705Z - ERROR - failed to get partial stacked by cycle: TypeError: Cannot read properties of null (reading 'value')
2024-05-27T22:51:20.705Z - INFO - partial stacked by cycle 15: 0
2024-05-27T22:51:21.232Z - INFO - stacking minimum by cycle 15: 16444956304302
2024-05-27T22:54:20.231Z - INFO - current burn block height: 13434
2024-05-27T22:54:20.573Z - INFO - current cycle: 14
2024-05-27T22:54:20.574Z - INFO - is in reward phase
2024-05-27T22:54:20.731Z - ERROR - failed to get partial stacked by cycle: TypeError: Cannot read properties of null (reading 'value')
2024-05-27T22:54:20.731Z - INFO - partial stacked by cycle 15: 0
2024-05-27T22:54:21.088Z - INFO - stacking minimum by cycle 15: 16444956429302
2024-05-27T22:57:20.227Z - INFO - current burn block height: 13435
2024-05-27T22:57:20.588Z - INFO - current cycle: 14
2024-05-27T22:57:20.589Z - INFO - is in reward phase
2024-05-27T22:57:20.747Z - ERROR - failed to get partial stacked by cycle: TypeError: Cannot read properties of null (reading 'value')
2024-05-27T22:57:20.748Z - INFO - partial stacked by cycle 15: 0
2024-05-27T22:57:21.125Z - INFO - stacking minimum by cycle 15: 16444956554302
2024-05-27T23:00:20.210Z - INFO - current burn block height: 13436
2024-05-27T23:00:20.483Z - INFO - current cycle: 14
2024-05-27T23:00:20.483Z - INFO - is in reward phase
2024-05-27T23:00:20.643Z - ERROR - failed to get partial stacked by cycle: TypeError: Cannot read properties of null (reading 'value')
2024-05-27T23:00:20.644Z - INFO - partial stacked by cycle 15: 0
2024-05-27T23:00:21.111Z - INFO - stacking minimum by cycle 15: 16444956679302
2024-05-27T23:03:40.241Z - INFO - current burn block height: 13437
2024-05-27T23:03:40.525Z - INFO - current cycle: 14
2024-05-27T23:03:40.526Z - INFO - is in reward phase
2024-05-27T23:03:40.695Z - ERROR - failed to get partial stacked by cycle: TypeError: Cannot read properties of null (reading 'value')
2024-05-27T23:03:40.695Z - INFO - partial stacked by cycle 15: 0
2024-05-27T23:03:41.284Z - INFO - stacking minimum by cycle 15: 16444956804302
2024-05-27T23:06:20.201Z - INFO - current burn block height: 13438
2024-05-27T23:06:20.557Z - INFO - current cycle: 14
2024-05-27T23:06:20.558Z - INFO - is in reward phase
2024-05-27T23:06:20.714Z - ERROR - failed to get partial stacked by cycle: TypeError: Cannot read properties of null (reading 'value')
2024-05-27T23:06:20.715Z - INFO - partial stacked by cycle 15: 0
2024-05-27T23:06:21.181Z - INFO - stacking minimum by cycle 15: 16444956929302
2024-05-27T23:10:00.231Z - INFO - current burn block height: 13439
2024-05-27T23:10:00.519Z - INFO - current cycle: 14
2024-05-27T23:10:00.519Z - INFO - is in reward phase
2024-05-27T23:10:00.696Z - ERROR - failed to get partial stacked by cycle: TypeError: Cannot read properties of null (reading 'value')
2024-05-27T23:10:00.697Z - INFO - partial stacked by cycle 15: 0
2024-05-27T23:10:01.081Z - INFO - stacking minimum by cycle 15: 16444957054302
2024-05-27T23:13:00.254Z - INFO - current burn block height: 13440
2024-05-27T23:13:00.536Z - INFO - current cycle: 14
2024-05-27T23:13:00.537Z - INFO - is in reward phase
2024-05-27T23:13:00.713Z - ERROR - failed to get partial stacked by cycle: TypeError: Cannot read properties of null (reading 'value')
2024-05-27T23:13:00.714Z - INFO - partial stacked by cycle 15: 0
2024-05-27T23:13:01.316Z - INFO - stacking minimum by cycle 15: 16444957179302
2024-05-27T23:16:00.243Z - INFO - current burn block height: 13441
2024-05-27T23:16:00.529Z - INFO - current cycle: 14
2024-05-27T23:16:00.530Z - INFO - is in reward phase
2024-05-27T23:16:00.695Z - ERROR - failed to get partial stacked by cycle: TypeError: Cannot read properties of null (reading 'value')
2024-05-27T23:16:00.696Z - INFO - partial stacked by cycle 15: 0
2024-05-27T23:16:01.218Z - INFO - stacking minimum by cycle 15: 16444957304302
2024-05-27T23:19:00.242Z - INFO - current burn block height: 13442
2024-05-27T23:19:00.537Z - INFO - current cycle: 14
2024-05-27T23:19:00.537Z - INFO - is in reward phase
2024-05-27T23:19:00.711Z - ERROR - failed to get partial stacked by cycle: TypeError: Cannot read properties of null (reading 'value')
2024-05-27T23:19:00.711Z - INFO - partial stacked by cycle 15: 0
2024-05-27T23:19:01.263Z - INFO - stacking minimum by cycle 15: 16444957429302
2024-05-27T23:22:00.249Z - INFO - current burn block height: 13443
2024-05-27T23:22:00.413Z - INFO - current cycle: 14
2024-05-27T23:22:00.414Z - INFO - is in reward phase
2024-05-27T23:22:00.570Z - ERROR - failed to get partial stacked by cycle: TypeError: Cannot read properties of null (reading 'value')
2024-05-27T23:22:00.570Z - INFO - partial stacked by cycle 15: 0
2024-05-27T23:22:01.062Z - INFO - stacking minimum by cycle 15: 16444957554302
2024-05-27T23:25:00.261Z - INFO - current burn block height: 13444
2024-05-27T23:25:00.563Z - INFO - current cycle: 14
2024-05-27T23:25:00.563Z - INFO - is in reward phase
2024-05-27T23:25:00.732Z - ERROR - failed to get partial stacked by cycle: TypeError: Cannot read properties of null (reading 'value')
2024-05-27T23:25:00.732Z - INFO - partial stacked by cycle 15: 0
2024-05-27T23:25:01.324Z - INFO - stacking minimum by cycle 15: 16444957679302
2024-05-27T23:28:00.240Z - INFO - current burn block height: 13445
2024-05-27T23:28:00.550Z - INFO - current cycle: 14
2024-05-27T23:28:00.550Z - INFO - is in reward phase
2024-05-27T23:28:00.705Z - ERROR - failed to get partial stacked by cycle: TypeError: Cannot read properties of null (reading 'value')
2024-05-27T23:28:00.706Z - INFO - partial stacked by cycle 15: 0
2024-05-27T23:28:01.204Z - INFO - stacking minimum by cycle 15: 16444957804302
2024-05-27T23:31:00.242Z - INFO - current burn block height: 13446
2024-05-27T23:31:00.538Z - INFO - current cycle: 14
2024-05-27T23:31:00.539Z - INFO - is in reward phase
2024-05-27T23:31:00.701Z - ERROR - failed to get partial stacked by cycle: TypeError: Cannot read properties of null (reading 'value')
2024-05-27T23:31:00.701Z - INFO - partial stacked by cycle 15: 0
2024-05-27T23:31:01.243Z - INFO - stacking minimum by cycle 15: 16444957929302
2024-05-27T23:36:00.233Z - INFO - current burn block height: 13447
2024-05-27T23:36:00.609Z - INFO - current cycle: 14
2024-05-27T23:36:00.609Z - INFO - is in reward phase
2024-05-27T23:36:00.770Z - ERROR - failed to get partial stacked by cycle: TypeError: Cannot read properties of null (reading 'value')
2024-05-27T23:36:00.770Z - INFO - partial stacked by cycle 15: 0
2024-05-27T23:36:01.237Z - INFO - stacking minimum by cycle 15: 16444958054302
2024-05-27T23:39:00.245Z - INFO - current burn block height: 13448
2024-05-27T23:39:00.538Z - INFO - current cycle: 14
2024-05-27T23:39:00.539Z - INFO - is in reward phase
2024-05-27T23:39:00.697Z - ERROR - failed to get partial stacked by cycle: TypeError: Cannot read properties of null (reading 'value')
2024-05-27T23:39:00.697Z - INFO - partial stacked by cycle 15: 0
2024-05-27T23:39:01.212Z - INFO - stacking minimum by cycle 15: 16444958179302
2024-05-27T23:42:00.247Z - INFO - current burn block height: 13449
2024-05-27T23:42:00.555Z - INFO - current cycle: 14
2024-05-27T23:42:00.555Z - INFO - is in reward phase
2024-05-27T23:42:00.726Z - ERROR - failed to get partial stacked by cycle: TypeError: Cannot read properties of null (reading 'value')
2024-05-27T23:42:00.726Z - INFO - partial stacked by cycle 15: 0
2024-05-27T23:42:01.218Z - INFO - stacking minimum by cycle 15: 16444958304302
2024-05-27T23:44:00.222Z - INFO - current burn block height: 13450
2024-05-27T23:44:00.502Z - INFO - current cycle: 14
2024-05-27T23:44:00.503Z - INFO - is in reward phase
2024-05-27T23:44:00.665Z - ERROR - failed to get partial stacked by cycle: TypeError: Cannot read properties of null (reading 'value')
2024-05-27T23:44:00.665Z - INFO - partial stacked by cycle 15: 0
2024-05-27T23:44:01.152Z - INFO - stacking minimum by cycle 15: 16444958429302
2024-05-27T23:46:00.250Z - INFO - current burn block height: 13451
2024-05-27T23:46:00.537Z - INFO - current cycle: 14
2024-05-27T23:46:00.538Z - INFO - is in reward phase
2024-05-27T23:46:00.717Z - ERROR - failed to get partial stacked by cycle: TypeError: Cannot read properties of null (reading 'value')
2024-05-27T23:46:00.717Z - INFO - partial stacked by cycle 15: 0
2024-05-27T23:46:01.224Z - INFO - stacking minimum by cycle 15: 16444958554302
2024-05-27T23:49:00.227Z - INFO - current burn block height: 13452
2024-05-27T23:49:00.552Z - INFO - current cycle: 14
2024-05-27T23:49:00.553Z - INFO - is in reward phase
2024-05-27T23:49:00.710Z - ERROR - failed to get partial stacked by cycle: TypeError: Cannot read properties of null (reading 'value')
2024-05-27T23:49:00.710Z - INFO - partial stacked by cycle 15: 0
2024-05-27T23:49:01.295Z - INFO - stacking minimum by cycle 15: 16444958679302
2024-05-27T23:52:00.236Z - INFO - current burn block height: 13453
2024-05-27T23:52:00.400Z - INFO - current cycle: 14
2024-05-27T23:52:00.400Z - INFO - is in reward phase
2024-05-27T23:52:00.554Z - ERROR - failed to get partial stacked by cycle: TypeError: Cannot read properties of null (reading 'value')
2024-05-27T23:52:00.554Z - INFO - partial stacked by cycle 15: 0
2024-05-27T23:52:01.096Z - INFO - stacking minimum by cycle 15: 16444958804302
2024-05-27T23:55:00.243Z - INFO - current burn block height: 13454
2024-05-27T23:55:00.525Z - INFO - current cycle: 14
2024-05-27T23:55:00.526Z - INFO - is in reward phase
2024-05-27T23:55:00.691Z - ERROR - failed to get partial stacked by cycle: TypeError: Cannot read properties of null (reading 'value')
2024-05-27T23:55:00.691Z - INFO - partial stacked by cycle 15: 0
2024-05-27T23:55:01.186Z - INFO - stacking minimum by cycle 15: 16444958929302
2024-05-27T23:58:00.245Z - INFO - current burn block height: 13455
2024-05-27T23:58:00.574Z - INFO - current cycle: 14
2024-05-27T23:58:00.574Z - INFO - is in reward phase
2024-05-27T23:58:00.730Z - ERROR - failed to get partial stacked by cycle: TypeError: Cannot read properties of null (reading 'value')
2024-05-27T23:58:00.730Z - INFO - partial stacked by cycle 15: 0
2024-05-27T23:58:01.241Z - INFO - stacking minimum by cycle 15: 16444959054302
2024-05-28T00:01:00.245Z - INFO - current burn block height: 13456
2024-05-28T00:01:00.548Z - INFO - current cycle: 14
2024-05-28T00:01:00.549Z - INFO - is in reward phase
2024-05-28T00:01:00.711Z - ERROR - failed to get partial stacked by cycle: TypeError: Cannot read properties of null (reading 'value')
2024-05-28T00:01:00.711Z - INFO - partial stacked by cycle 15: 0
2024-05-28T00:01:01.268Z - INFO - stacking minimum by cycle 15: 16444959179302
2024-05-28T00:05:00.231Z - INFO - current burn block height: 13457
2024-05-28T00:05:00.529Z - INFO - current cycle: 14
2024-05-28T00:05:00.530Z - INFO - is in reward phase
2024-05-28T00:05:00.686Z - ERROR - failed to get partial stacked by cycle: TypeError: Cannot read properties of null (reading 'value')
2024-05-28T00:05:00.686Z - INFO - partial stacked by cycle 15: 0
2024-05-28T00:05:01.208Z - INFO - stacking minimum by cycle 15: 16444959304302
2024-05-28T00:07:00.273Z - INFO - current burn block height: 13458
2024-05-28T00:07:00.545Z - INFO - current cycle: 14
2024-05-28T00:07:00.546Z - INFO - is in reward phase
2024-05-28T00:07:00.698Z - ERROR - failed to get partial stacked by cycle: TypeError: Cannot read properties of null (reading 'value')
2024-05-28T00:07:00.698Z - INFO - partial stacked by cycle 15: 0
2024-05-28T00:07:01.215Z - INFO - stacking minimum by cycle 15: 16444959429302
2024-05-28T00:10:00.232Z - INFO - current burn block height: 13459
2024-05-28T00:10:00.521Z - INFO - current cycle: 14
2024-05-28T00:10:00.521Z - INFO - is in reward phase
2024-05-28T00:10:00.679Z - ERROR - failed to get partial stacked by cycle: TypeError: Cannot read properties of null (reading 'value')
2024-05-28T00:10:00.679Z - INFO - partial stacked by cycle 15: 0
2024-05-28T00:10:01.231Z - INFO - stacking minimum by cycle 15: 16444959554302
2024-05-28T00:13:00.244Z - INFO - current burn block height: 13460
2024-05-28T00:13:00.525Z - INFO - current cycle: 14
2024-05-28T00:13:00.525Z - INFO - is in reward phase
2024-05-28T00:13:00.700Z - ERROR - failed to get partial stacked by cycle: TypeError: Cannot read properties of null (reading 'value')
2024-05-28T00:13:00.700Z - INFO - partial stacked by cycle 15: 0
2024-05-28T00:13:01.188Z - INFO - stacking minimum by cycle 15: 16444959679302
2024-05-28T00:16:00.222Z - INFO - current burn block height: 13461
2024-05-28T00:16:00.613Z - INFO - current cycle: 14
2024-05-28T00:16:00.614Z - INFO - is in reward phase
2024-05-28T00:16:00.775Z - ERROR - failed to get partial stacked by cycle: TypeError: Cannot read properties of null (reading 'value')
2024-05-28T00:16:00.775Z - INFO - partial stacked by cycle 15: 0
2024-05-28T00:16:01.293Z - INFO - stacking minimum by cycle 15: 16444959804302
2024-05-28T00:19:00.437Z - INFO - current burn block height: 13462
2024-05-28T00:19:00.721Z - INFO - current cycle: 14
2024-05-28T00:19:00.725Z - INFO - is in reward phase
2024-05-28T00:19:00.879Z - ERROR - failed to get partial stacked by cycle: TypeError: Cannot read properties of null (reading 'value')
2024-05-28T00:19:00.879Z - INFO - partial stacked by cycle 15: 0
2024-05-28T00:19:01.419Z - INFO - stacking minimum by cycle 15: 16444959929302
2024-05-28T00:22:00.252Z - INFO - current burn block height: 13463
2024-05-28T00:22:00.554Z - INFO - current cycle: 14
2024-05-28T00:22:00.555Z - INFO - is in reward phase
2024-05-28T00:22:00.721Z - ERROR - failed to get partial stacked by cycle: TypeError: Cannot read properties of null (reading 'value')
2024-05-28T00:22:00.721Z - INFO - partial stacked by cycle 15: 0
2024-05-28T00:22:01.225Z - INFO - stacking minimum by cycle 15: 16444960054302
2024-05-28T00:25:00.249Z - INFO - current burn block height: 13464
2024-05-28T00:25:00.578Z - INFO - current cycle: 14
2024-05-28T00:25:00.578Z - INFO - is in reward phase
2024-05-28T00:25:00.742Z - ERROR - failed to get partial stacked by cycle: TypeError: Cannot read properties of null (reading 'value')
2024-05-28T00:25:00.742Z - INFO - partial stacked by cycle 15: 0
2024-05-28T00:25:01.253Z - INFO - stacking minimum by cycle 15: 16444960179302
2024-05-28T00:28:00.219Z - INFO - current burn block height: 13465
2024-05-28T00:28:00.579Z - INFO - current cycle: 14
2024-05-28T00:28:00.580Z - INFO - is in reward phase
2024-05-28T00:28:00.745Z - ERROR - failed to get partial stacked by cycle: TypeError: Cannot read properties of null (reading 'value')
2024-05-28T00:28:00.745Z - INFO - partial stacked by cycle 15: 0
2024-05-28T00:28:01.217Z - INFO - stacking minimum by cycle 15: 16444960304302
2024-05-28T00:31:00.305Z - INFO - current burn block height: 13466
2024-05-28T00:31:00.612Z - INFO - current cycle: 14
2024-05-28T00:31:00.612Z - INFO - is in reward phase
2024-05-28T00:31:00.788Z - ERROR - failed to get partial stacked by cycle: TypeError: Cannot read properties of null (reading 'value')
2024-05-28T00:31:00.789Z - INFO - partial stacked by cycle 15: 0
2024-05-28T00:31:01.300Z - INFO - stacking minimum by cycle 15: 16444960429302
2024-05-28T00:34:00.249Z - INFO - current burn block height: 13467
2024-05-28T00:34:00.539Z - INFO - current cycle: 14
2024-05-28T00:34:00.539Z - INFO - is in reward phase
2024-05-28T00:34:00.696Z - ERROR - failed to get partial stacked by cycle: TypeError: Cannot read properties of null (reading 'value')
2024-05-28T00:34:00.697Z - INFO - partial stacked by cycle 15: 0
2024-05-28T00:34:01.213Z - INFO - stacking minimum by cycle 15: 16444960554302
2024-05-28T00:37:00.242Z - INFO - current burn block height: 13468
2024-05-28T00:37:00.564Z - INFO - current cycle: 14
2024-05-28T00:37:00.564Z - INFO - is in reward phase
2024-05-28T00:37:00.725Z - ERROR - failed to get partial stacked by cycle: TypeError: Cannot read properties of null (reading 'value')
2024-05-28T00:37:00.725Z - INFO - partial stacked by cycle 15: 0
2024-05-28T00:37:01.244Z - INFO - stacking minimum by cycle 15: 16444960679302
2024-05-28T00:40:00.234Z - INFO - current burn block height: 13469
2024-05-28T00:40:00.526Z - INFO - current cycle: 14
2024-05-28T00:40:00.527Z - INFO - is in reward phase
2024-05-28T00:40:00.687Z - ERROR - failed to get partial stacked by cycle: TypeError: Cannot read properties of null (reading 'value')
2024-05-28T00:40:00.687Z - INFO - partial stacked by cycle 15: 0
2024-05-28T00:40:01.043Z - INFO - stacking minimum by cycle 15: 16444960804302
2024-05-28T00:43:00.257Z - INFO - current burn block height: 13470
2024-05-28T00:43:00.613Z - INFO - current cycle: 14
2024-05-28T00:43:00.614Z - INFO - is in reward phase
2024-05-28T00:43:00.774Z - ERROR - failed to get partial stacked by cycle: TypeError: Cannot read properties of null (reading 'value')
2024-05-28T00:43:00.774Z - INFO - partial stacked by cycle 15: 0
2024-05-28T00:43:01.214Z - INFO - stacking minimum by cycle 15: 16444960929302
2024-05-28T00:46:00.253Z - INFO - current burn block height: 13471
2024-05-28T00:46:00.534Z - INFO - current cycle: 14
2024-05-28T00:46:00.534Z - INFO - is in reward phase
2024-05-28T00:46:00.695Z - ERROR - failed to get partial stacked by cycle: TypeError: Cannot read properties of null (reading 'value')
2024-05-28T00:46:00.695Z - INFO - partial stacked by cycle 15: 0
2024-05-28T00:46:01.203Z - INFO - stacking minimum by cycle 15: 16444961054302
2024-05-28T00:49:00.249Z - INFO - current burn block height: 13472
2024-05-28T00:49:00.555Z - INFO - current cycle: 14
2024-05-28T00:49:00.556Z - INFO - is in reward phase
2024-05-28T00:49:00.717Z - ERROR - failed to get partial stacked by cycle: TypeError: Cannot read properties of null (reading 'value')
2024-05-28T00:49:00.717Z - INFO - partial stacked by cycle 15: 0
2024-05-28T00:49:01.230Z - INFO - stacking minimum by cycle 15: 16444961179302
2024-05-28T00:52:00.222Z - INFO - current burn block height: 13473
2024-05-28T00:52:00.582Z - INFO - current cycle: 14
2024-05-28T00:52:00.583Z - INFO - is in reward phase
2024-05-28T00:52:00.739Z - ERROR - failed to get partial stacked by cycle: TypeError: Cannot read properties of null (reading 'value')
2024-05-28T00:52:00.740Z - INFO - partial stacked by cycle 15: 0
2024-05-28T00:52:01.247Z - INFO - stacking minimum by cycle 15: 16444961304302
2024-05-28T00:55:00.240Z - INFO - current burn block height: 13474
2024-05-28T00:55:00.528Z - INFO - current cycle: 14
2024-05-28T00:55:00.528Z - INFO - is in reward phase
2024-05-28T00:55:00.685Z - ERROR - failed to get partial stacked by cycle: TypeError: Cannot read properties of null (reading 'value')
2024-05-28T00:55:00.685Z - INFO - partial stacked by cycle 15: 0
2024-05-28T00:55:01.272Z - INFO - stacking minimum by cycle 15: 16444961429302
2024-05-28T00:58:00.258Z - INFO - current burn block height: 13475
2024-05-28T00:58:00.433Z - INFO - current cycle: 14
2024-05-28T00:58:00.433Z - INFO - is in reward phase
2024-05-28T00:58:00.600Z - ERROR - failed to get partial stacked by cycle: TypeError: Cannot read properties of null (reading 'value')
2024-05-28T00:58:00.600Z - INFO - partial stacked by cycle 15: 0
2024-05-28T00:58:01.088Z - INFO - stacking minimum by cycle 15: 16444961554302
2024-05-28T01:01:00.624Z - INFO - current burn block height: 13476
2024-05-28T01:01:00.954Z - INFO - current cycle: 14
2024-05-28T01:01:00.954Z - INFO - is in reward phase
2024-05-28T01:01:01.110Z - ERROR - failed to get partial stacked by cycle: TypeError: Cannot read properties of null (reading 'value')
2024-05-28T01:01:01.110Z - INFO - partial stacked by cycle 15: 0
2024-05-28T01:01:01.641Z - INFO - stacking minimum by cycle 15: 16444961679302
2024-05-28T01:04:00.245Z - INFO - current burn block height: 13477
2024-05-28T01:04:00.422Z - INFO - current cycle: 14
2024-05-28T01:04:00.422Z - INFO - is in reward phase
2024-05-28T01:04:00.576Z - ERROR - failed to get partial stacked by cycle: TypeError: Cannot read properties of null (reading 'value')
2024-05-28T01:04:00.576Z - INFO - partial stacked by cycle 15: 0
2024-05-28T01:04:01.132Z - INFO - stacking minimum by cycle 15: 16444961804302
2024-05-28T01:07:00.237Z - INFO - current burn block height: 13478
2024-05-28T01:07:00.594Z - INFO - current cycle: 14
2024-05-28T01:07:00.595Z - INFO - is in reward phase
2024-05-28T01:07:00.764Z - ERROR - failed to get partial stacked by cycle: TypeError: Cannot read properties of null (reading 'value')
2024-05-28T01:07:00.764Z - INFO - partial stacked by cycle 15: 0
2024-05-28T01:07:01.326Z - INFO - stacking minimum by cycle 15: 16444961929302
2024-05-28T01:10:00.286Z - INFO - current burn block height: 13479
2024-05-28T01:10:00.618Z - INFO - current cycle: 14
2024-05-28T01:10:00.619Z - INFO - is in reward phase
2024-05-28T01:10:00.780Z - ERROR - failed to get partial stacked by cycle: TypeError: Cannot read properties of null (reading 'value')
2024-05-28T01:10:00.780Z - INFO - partial stacked by cycle 15: 0
2024-05-28T01:10:01.293Z - INFO - stacking minimum by cycle 15: 16444962054302
2024-05-28T01:13:00.235Z - INFO - current burn block height: 13480
2024-05-28T01:13:00.542Z - INFO - current cycle: 14
2024-05-28T01:13:00.543Z - INFO - is in reward phase
2024-05-28T01:13:00.700Z - ERROR - failed to get partial stacked by cycle: TypeError: Cannot read properties of null (reading 'value')
2024-05-28T01:13:00.701Z - INFO - partial stacked by cycle 15: 0
2024-05-28T01:13:01.214Z - INFO - stacking minimum by cycle 15: 16444962179302
2024-05-28T01:16:00.243Z - INFO - current burn block height: 13481
2024-05-28T01:16:00.560Z - INFO - current cycle: 14
2024-05-28T01:16:00.560Z - INFO - is in reward phase
2024-05-28T01:16:00.718Z - ERROR - failed to get partial stacked by cycle: TypeError: Cannot read properties of null (reading 'value')
2024-05-28T01:16:00.718Z - INFO - partial stacked by cycle 15: 0
2024-05-28T01:16:01.230Z - INFO - stacking minimum by cycle 15: 16444962304302
2024-05-28T01:20:00.250Z - INFO - current burn block height: 13482
2024-05-28T01:20:00.595Z - INFO - current cycle: 14
2024-05-28T01:20:00.596Z - INFO - is in reward phase
2024-05-28T01:20:00.769Z - ERROR - failed to get partial stacked by cycle: TypeError: Cannot read properties of null (reading 'value')
2024-05-28T01:20:00.769Z - INFO - partial stacked by cycle 15: 0
2024-05-28T01:20:01.203Z - INFO - stacking minimum by cycle 15: 16444962429302
2024-05-28T01:22:00.224Z - INFO - current burn block height: 13483
2024-05-28T01:22:00.507Z - INFO - current cycle: 14
2024-05-28T01:22:00.508Z - INFO - is in reward phase
2024-05-28T01:22:00.665Z - ERROR - failed to get partial stacked by cycle: TypeError: Cannot read properties of null (reading 'value')
2024-05-28T01:22:00.665Z - INFO - partial stacked by cycle 15: 0
2024-05-28T01:22:01.128Z - INFO - stacking minimum by cycle 15: 16444962554302
2024-05-28T01:25:00.250Z - INFO - current burn block height: 13484
2024-05-28T01:25:00.414Z - INFO - current cycle: 14
2024-05-28T01:25:00.415Z - INFO - is in reward phase
2024-05-28T01:25:00.572Z - ERROR - failed to get partial stacked by cycle: TypeError: Cannot read properties of null (reading 'value')
2024-05-28T01:25:00.573Z - INFO - partial stacked by cycle 15: 0
2024-05-28T01:25:01.091Z - INFO - stacking minimum by cycle 15: 16444962679302
2024-05-28T01:28:00.258Z - INFO - current burn block height: 13485
2024-05-28T01:28:00.548Z - INFO - current cycle: 14
2024-05-28T01:28:00.548Z - INFO - is in reward phase
2024-05-28T01:28:00.729Z - ERROR - failed to get partial stacked by cycle: TypeError: Cannot read properties of null (reading 'value')
2024-05-28T01:28:00.729Z - INFO - partial stacked by cycle 15: 0
2024-05-28T01:28:01.220Z - INFO - stacking minimum by cycle 15: 16444962804302
2024-05-28T01:31:00.248Z - INFO - current burn block height: 13486
2024-05-28T01:31:00.546Z - INFO - current cycle: 14
2024-05-28T01:31:00.547Z - INFO - is in reward phase
2024-05-28T01:31:00.704Z - ERROR - failed to get partial stacked by cycle: TypeError: Cannot read properties of null (reading 'value')
2024-05-28T01:31:00.704Z - INFO - partial stacked by cycle 15: 0
2024-05-28T01:31:01.188Z - INFO - stacking minimum by cycle 15: 16444962929302
2024-05-28T01:34:00.252Z - INFO - current burn block height: 13487
2024-05-28T01:34:00.594Z - INFO - current cycle: 14
2024-05-28T01:34:00.594Z - INFO - is in reward phase
2024-05-28T01:34:00.753Z - ERROR - failed to get partial stacked by cycle: TypeError: Cannot read properties of null (reading 'value')
2024-05-28T01:34:00.754Z - INFO - partial stacked by cycle 15: 0
2024-05-28T01:34:01.218Z - INFO - stacking minimum by cycle 15: 16444963054302
2024-05-28T01:37:00.222Z - INFO - current burn block height: 13488
2024-05-28T01:37:00.617Z - INFO - current cycle: 14
2024-05-28T01:37:00.617Z - INFO - is in reward phase
2024-05-28T01:37:00.775Z - ERROR - failed to get partial stacked by cycle: TypeError: Cannot read properties of null (reading 'value')
2024-05-28T01:37:00.775Z - INFO - partial stacked by cycle 15: 0
2024-05-28T01:37:01.289Z - INFO - stacking minimum by cycle 15: 16444963179302
2024-05-28T01:40:00.249Z - INFO - current burn block height: 13489
2024-05-28T01:40:00.529Z - INFO - current cycle: 14
2024-05-28T01:40:00.529Z - INFO - is in reward phase
2024-05-28T01:40:00.698Z - ERROR - failed to get partial stacked by cycle: TypeError: Cannot read properties of null (reading 'value')
2024-05-28T01:40:00.698Z - INFO - partial stacked by cycle 15: 0
2024-05-28T11:35:14.001Z - INFO - current burn block height: 13687
2024-05-28T11:35:14.302Z - INFO - current cycle: 14
2024-05-28T11:35:14.302Z - INFO - is in prepare phase
2024-05-28T11:35:14.302Z - INFO - updated balances this cycle false
2024-05-28T11:35:15.077Z - INFO - update balances tx bdf9df9565b7455d12c44a6ccbb65c05f6ca079994b84b73add16ff152114bf6 

      api link: https://api.nakamoto.testnet.hiro.so/extended/v1/tx/bdf9df9565b7455d12c44a6ccbb65c05f6ca079994b84b73add16ff152114bf6 

      explorer link: https://explorer.hiro.so/txid/bdf9df9565b7455d12c44a6ccbb65c05f6ca079994b84b73add16ff152114bf6?chain=testnet&api=https://api.nakamoto.testnet.hiro.so
2024-05-28T11:37:00.248Z - INFO - current burn block height: 13688
2024-05-28T11:37:00.549Z - INFO - current cycle: 14
2024-05-28T11:37:00.550Z - INFO - is in prepare phase
2024-05-28T11:37:00.550Z - INFO - updated balances this cycle false
2024-05-28T11:40:00.264Z - INFO - current burn block height: 13689
2024-05-28T11:40:00.607Z - INFO - current cycle: 14
2024-05-28T11:40:00.609Z - INFO - is in prepare phase
2024-05-28T11:40:00.609Z - INFO - updated balances this cycle false
2024-05-28T11:43:00.244Z - INFO - current burn block height: 13690
2024-05-28T11:43:00.551Z - INFO - current cycle: 14
2024-05-28T11:43:00.552Z - INFO - is in prepare phase
2024-05-28T11:43:00.552Z - INFO - updated balances this cycle true
2024-05-28T11:46:00.252Z - INFO - current burn block height: 13691
2024-05-28T11:46:00.678Z - INFO - current cycle: 14
2024-05-28T11:46:00.679Z - INFO - is in prepare phase
2024-05-28T11:46:00.680Z - INFO - updated balances this cycle true
2024-05-28T11:49:00.332Z - INFO - current burn block height: 13692
2024-05-28T11:49:00.636Z - INFO - current cycle: 14
2024-05-28T11:49:00.636Z - INFO - is in prepare phase
2024-05-28T11:49:00.638Z - INFO - updated balances this cycle true
2024-05-28T11:52:00.245Z - INFO - current burn block height: 13693
2024-05-28T11:52:00.621Z - INFO - current cycle: 14
2024-05-28T11:52:00.621Z - INFO - is in prepare phase
2024-05-28T11:52:00.622Z - INFO - updated balances this cycle true
2024-05-28T11:55:00.248Z - INFO - current burn block height: 13694
2024-05-28T11:55:00.647Z - INFO - current cycle: 14
2024-05-28T11:55:00.648Z - INFO - is in prepare phase
2024-05-28T11:55:00.649Z - INFO - updated balances this cycle true
2024-05-28T11:58:00.269Z - INFO - current burn block height: 13695
2024-05-28T11:58:00.679Z - INFO - current cycle: 14
2024-05-28T11:58:00.680Z - INFO - is in prepare phase
2024-05-28T11:58:00.680Z - INFO - updated balances this cycle true
2024-05-28T12:01:00.251Z - INFO - current burn block height: 13696
2024-05-28T12:01:00.551Z - INFO - current cycle: 14
2024-05-28T12:01:00.551Z - INFO - is in prepare phase
2024-05-28T12:01:00.551Z - INFO - updated balances this cycle true
2024-05-28T12:04:00.241Z - INFO - current burn block height: 13697
2024-05-28T12:04:00.609Z - INFO - current cycle: 14
2024-05-28T12:04:00.610Z - INFO - is in prepare phase
2024-05-28T12:04:00.610Z - INFO - updated balances this cycle true
2024-05-28T12:07:00.254Z - INFO - current burn block height: 13698
2024-05-28T12:07:00.642Z - INFO - current cycle: 14
2024-05-28T12:07:00.643Z - INFO - is in prepare phase
2024-05-28T12:07:00.643Z - INFO - updated balances this cycle true
2024-05-28T12:11:00.304Z - INFO - current burn block height: 13699
2024-05-28T12:11:00.592Z - INFO - current cycle: 14
2024-05-28T12:11:00.594Z - INFO - is in prepare phase
2024-05-28T12:11:00.594Z - INFO - updated balances this cycle true
2024-05-28T12:14:00.246Z - INFO - current burn block height: 13700
2024-05-28T12:14:00.550Z - INFO - current cycle: 14
2024-05-28T12:14:00.551Z - INFO - is in prepare phase
2024-05-28T12:14:00.552Z - INFO - updated balances this cycle true
2024-05-28T12:17:00.274Z - INFO - current burn block height: 13701
2024-05-28T12:17:00.611Z - INFO - current cycle: 14
2024-05-28T12:17:00.613Z - INFO - is in prepare phase
2024-05-28T12:17:00.613Z - INFO - updated balances this cycle true
2024-05-28T12:19:00.401Z - INFO - current burn block height: 13702
2024-05-28T12:19:00.729Z - INFO - current cycle: 14
2024-05-28T12:19:00.730Z - INFO - is in prepare phase
2024-05-28T12:19:00.731Z - INFO - updated balances this cycle true
2024-05-28T12:22:00.239Z - INFO - current burn block height: 13703
2024-05-28T12:22:00.540Z - INFO - current cycle: 14
2024-05-28T12:22:00.540Z - INFO - is in prepare phase
2024-05-28T12:22:00.540Z - INFO - updated balances this cycle true
2024-05-28T12:25:00.280Z - INFO - current burn block height: 13704
2024-05-28T12:25:00.673Z - INFO - current cycle: 14
2024-05-28T12:25:00.674Z - INFO - is in prepare phase
2024-05-28T12:25:00.675Z - INFO - updated balances this cycle true
2024-05-28T12:28:00.261Z - INFO - current burn block height: 13705
2024-05-28T12:28:00.561Z - INFO - current cycle: 14
2024-05-28T12:28:00.563Z - INFO - is in prepare phase
2024-05-28T12:28:00.563Z - INFO - updated balances this cycle true
2024-05-28T12:31:00.248Z - INFO - current burn block height: 13706
2024-05-28T12:31:00.552Z - INFO - current cycle: 14
2024-05-28T12:31:00.553Z - INFO - is in prepare phase
2024-05-28T12:31:00.553Z - INFO - updated balances this cycle true
2024-05-28T12:34:00.252Z - INFO - current burn block height: 13707
2024-05-28T12:34:00.634Z - INFO - current cycle: 14
2024-05-28T12:34:00.635Z - INFO - is in prepare phase
2024-05-28T12:34:00.635Z - INFO - updated balances this cycle true
2024-05-28T12:37:00.246Z - INFO - current burn block height: 13708
2024-05-28T12:37:00.557Z - INFO - current cycle: 14
2024-05-28T12:37:00.557Z - INFO - is in prepare phase
2024-05-28T12:37:00.558Z - INFO - updated balances this cycle true
2024-05-28T12:40:00.273Z - INFO - current burn block height: 13709
2024-05-28T12:40:00.609Z - INFO - current cycle: 14
2024-05-28T12:40:00.610Z - INFO - is in prepare phase
2024-05-28T12:40:00.611Z - INFO - updated balances this cycle true
2024-05-28T12:43:00.293Z - INFO - current burn block height: 13710
2024-05-28T12:43:00.625Z - INFO - current cycle: 14
2024-05-28T12:43:00.625Z - INFO - is in prepare phase
2024-05-28T12:43:00.626Z - INFO - updated balances this cycle true
2024-05-28T12:46:00.264Z - INFO - current burn block height: 13711
2024-05-28T12:46:00.627Z - INFO - current cycle: 14
2024-05-28T12:46:00.628Z - INFO - is in prepare phase
2024-05-28T12:46:00.629Z - INFO - updated balances this cycle true
2024-05-28T12:49:00.251Z - INFO - current burn block height: 13712
2024-05-28T12:49:00.650Z - INFO - current cycle: 14
2024-05-28T12:49:00.651Z - INFO - is in prepare phase
2024-05-28T12:49:00.652Z - INFO - updated balances this cycle true
2024-05-28T12:52:00.308Z - INFO - current burn block height: 13713
2024-05-28T12:52:00.630Z - INFO - current cycle: 14
2024-05-28T12:52:00.631Z - INFO - is in prepare phase
2024-05-28T12:52:00.632Z - INFO - updated balances this cycle true
2024-05-28T12:55:00.260Z - INFO - current burn block height: 13714
2024-05-28T12:55:00.593Z - INFO - current cycle: 14
2024-05-28T12:55:00.594Z - INFO - is in prepare phase
2024-05-28T12:55:00.595Z - INFO - updated balances this cycle true
2024-05-28T12:58:00.256Z - INFO - current burn block height: 13715
2024-05-28T12:58:00.445Z - INFO - current cycle: 14
2024-05-28T12:58:00.446Z - INFO - is in prepare phase
2024-05-28T12:58:00.446Z - INFO - updated balances this cycle true
2024-05-28T13:02:00.237Z - INFO - current burn block height: 13716
2024-05-28T13:02:00.538Z - INFO - current cycle: 14
2024-05-28T13:02:00.539Z - INFO - is in prepare phase
2024-05-28T13:02:00.540Z - INFO - updated balances this cycle true
2024-05-28T13:05:00.266Z - INFO - current burn block height: 13717
2024-05-28T13:05:00.591Z - INFO - current cycle: 14
2024-05-28T13:05:00.592Z - INFO - is in prepare phase
2024-05-28T13:05:00.593Z - INFO - updated balances this cycle true
2024-05-28T13:08:00.277Z - INFO - current burn block height: 13718
2024-05-28T13:08:00.609Z - INFO - current cycle: 14
2024-05-28T13:08:00.610Z - INFO - is in prepare phase
2024-05-28T13:08:00.610Z - INFO - updated balances this cycle true
2024-05-28T13:11:00.270Z - INFO - current burn block height: 13719
2024-05-28T13:11:00.567Z - INFO - current cycle: 14
2024-05-28T13:11:00.567Z - INFO - is in prepare phase
2024-05-28T13:11:00.568Z - INFO - updated balances this cycle true
2024-05-28T13:14:00.303Z - INFO - current burn block height: 13720
2024-05-28T13:14:00.616Z - INFO - current cycle: 14
2024-05-28T13:14:00.617Z - INFO - is in prepare phase
2024-05-28T13:14:00.617Z - INFO - updated balances this cycle true
2024-05-28T13:16:00.267Z - INFO - current burn block height: 13721
2024-05-28T13:16:00.652Z - INFO - current cycle: 14
2024-05-28T13:16:00.653Z - INFO - is in prepare phase
2024-05-28T13:16:00.654Z - INFO - updated balances this cycle true
2024-05-28T13:19:00.366Z - INFO - current burn block height: 13722
2024-05-28T13:19:00.879Z - INFO - current cycle: 14
2024-05-28T13:19:00.880Z - INFO - is in prepare phase
2024-05-28T13:19:00.881Z - INFO - updated balances this cycle true
2024-05-28T13:22:00.305Z - INFO - current burn block height: 13723
2024-05-28T13:22:00.652Z - INFO - current cycle: 14
2024-05-28T13:22:00.652Z - INFO - is in prepare phase
2024-05-28T13:22:00.653Z - INFO - updated balances this cycle true
2024-05-28T13:25:00.298Z - INFO - current burn block height: 13724
2024-05-28T13:25:00.721Z - INFO - current cycle: 14
2024-05-28T13:25:00.723Z - INFO - is in prepare phase
2024-05-28T13:25:00.723Z - INFO - updated balances this cycle true
2024-05-28T13:28:00.271Z - INFO - current burn block height: 13725
2024-05-28T13:28:00.643Z - INFO - current cycle: 14
2024-05-28T13:28:00.644Z - INFO - is in prepare phase
2024-05-28T13:28:00.644Z - INFO - updated balances this cycle true
2024-05-28T13:32:00.279Z - INFO - current burn block height: 13726
2024-05-28T13:32:00.618Z - INFO - current cycle: 14
2024-05-28T13:32:00.619Z - INFO - is in prepare phase
2024-05-28T13:32:00.619Z - INFO - updated balances this cycle true
2024-05-28T13:35:00.289Z - INFO - current burn block height: 13727
2024-05-28T13:35:00.696Z - INFO - current cycle: 14
2024-05-28T13:35:00.696Z - INFO - is in prepare phase
2024-05-28T13:35:00.697Z - INFO - updated balances this cycle true
2024-05-28T13:38:00.277Z - INFO - current burn block height: 13728
2024-05-28T13:38:00.610Z - INFO - current cycle: 14
2024-05-28T13:38:00.610Z - INFO - is in prepare phase
2024-05-28T13:38:00.610Z - INFO - updated balances this cycle true
2024-05-28T13:41:00.258Z - INFO - current burn block height: 13729
2024-05-28T13:41:00.568Z - INFO - current cycle: 14
2024-05-28T13:41:00.568Z - INFO - is in prepare phase
2024-05-28T13:41:00.569Z - INFO - updated balances this cycle true
2024-05-28T13:43:00.309Z - INFO - current cycle changed from 15 to: 15
2024-05-28T13:43:00.311Z - INFO - current burn block height: 13730
2024-05-28T13:43:00.505Z - INFO - current cycle: 14
2024-05-28T13:43:00.507Z - INFO - is in reward phase
2024-05-31T19:31:22.948Z - INFO - current cycle changed from 16 to: 16
2024-05-31T19:34:34.247Z - INFO - current burn block height: 15285
2024-05-31T20:10:01.060Z - INFO - current burn block height: 15299
2024-05-31T20:10:19.307Z - INFO - current cycle: 16
2024-05-31T20:10:45.626Z - INFO - is in reward phase
2024-05-31T20:12:01.830Z - INFO - current burn block height: 15299
2024-05-31T20:12:02.298Z - INFO - current cycle: 16
2024-05-31T20:12:02.298Z - INFO - is in reward phase
2024-05-31T20:12:35.300Z - INFO - current burn block height: 15300
2024-05-31T20:12:35.504Z - INFO - current cycle: 16
2024-05-31T20:12:35.505Z - INFO - is in reward phase
2024-05-31T20:13:07.914Z - INFO - current burn block height: 15300
2024-05-31T20:13:08.225Z - INFO - current cycle: 16
2024-05-31T20:13:08.225Z - INFO - is in reward phase
2024-05-31T20:17:00.741Z - INFO - update balances tx 34818e2bcaf80a3f623620d3e25526017d5bd4c711f10e68940630007bea004e 

      api link: https://api.nakamoto.testnet.hiro.so/extended/v1/tx/34818e2bcaf80a3f623620d3e25526017d5bd4c711f10e68940630007bea004e 

      explorer link: https://explorer.hiro.so/txid/34818e2bcaf80a3f623620d3e25526017d5bd4c711f10e68940630007bea004e?chain=testnet&api=https://api.nakamoto.testnet.hiro.so
2024-05-31T20:17:33.673Z - ERROR - failed to get partial stacked by cycle: TypeError: Cannot read properties of null (reading 'value')
2024-05-31T20:17:35.937Z - INFO - partial stacked by cycle 17: 0
2024-05-31T20:18:08.906Z - INFO - stacking minimum by cycle 17: 16445189296302
2024-05-31T20:35:24.765Z - INFO - current burn block height: 15307
2024-05-31T20:35:25.052Z - INFO - current cycle: 16
2024-05-31T20:35:25.053Z - INFO - is in reward phase
2024-05-31T20:35:25.245Z - INFO - partial stacked by cycle 17: 3999999989000000
2024-05-31T20:35:25.629Z - INFO - stacking minimum by cycle 17: 16445190046302
2024-05-31T20:35:26.476Z - INFO - partial stacked enough, performed agg-commit
2024-05-31T20:35:26.477Z - INFO - update balances tx 595334465a26f11c543b2adcb19d133d2fb2bd292487e8e8b756c591758793d7 

      api link: https://api.nakamoto.testnet.hiro.so/extended/v1/tx/595334465a26f11c543b2adcb19d133d2fb2bd292487e8e8b756c591758793d7 

      explorer link: https://explorer.hiro.so/txid/595334465a26f11c543b2adcb19d133d2fb2bd292487e8e8b756c591758793d7?chain=testnet&api=https://api.nakamoto.testnet.hiro.so
2024-05-31T20:54:30.056Z - INFO - current burn block height: 15314
2024-05-31T20:54:30.358Z - INFO - current cycle: 16
2024-05-31T20:54:30.359Z - INFO - is in reward phase
2024-05-31T20:54:30.540Z - INFO - partial stacked by cycle 17: 3999999989000000
2024-05-31T20:54:31.059Z - INFO - stacking minimum by cycle 17: 16445190921302
2024-05-31T20:56:10.971Z - INFO - current burn block height: 15314
2024-05-31T20:56:11.257Z - INFO - current cycle: 16
2024-05-31T20:56:11.257Z - INFO - is in reward phase
2024-05-31T20:56:11.445Z - INFO - partial stacked by cycle 17: 3999999989000000
2024-05-31T20:56:11.925Z - INFO - stacking minimum by cycle 17: 16445190921302
2024-05-31T20:56:12.915Z - INFO - partial stacked enough, performed agg-commit
2024-05-31T20:56:12.915Z - INFO - maybe-stack-aggregation-commit > agg-commit tx 199da1be714d951037af6d44b63fb4e6819ccd166dd1c9bcdaef9706a426e86b 

      api link: https://api.nakamoto.testnet.hiro.so/extended/v1/tx/199da1be714d951037af6d44b63fb4e6819ccd166dd1c9bcdaef9706a426e86b 

      explorer link: https://explorer.hiro.so/txid/199da1be714d951037af6d44b63fb4e6819ccd166dd1c9bcdaef9706a426e86b?chain=testnet&api=https://api.nakamoto.testnet.hiro.so
2024-05-31T21:07:34.404Z - INFO - current burn block height: 15318
2024-05-31T21:07:34.708Z - INFO - current cycle: 16
2024-05-31T21:07:34.709Z - INFO - is in reward phase
2024-05-31T21:07:34.888Z - INFO - partial stacked by cycle 17: 3999999989000000
2024-05-31T21:07:35.431Z - INFO - stacking minimum by cycle 17: 16445191421302
2024-05-31T21:07:47.063Z - INFO - partial stacked enough, performed agg-commit
2024-05-31T21:07:48.098Z - INFO - maybe-stack-aggregation-commit > agg-commit tx d48bfd29d6829c38c4169c82ba25bb5f7f465c0b23f371bdbd9570d7dfde2ac3       api link: https://api.nakamoto.testnet.hiro.so/extended/v1/tx/d48bfd29d6829c38c4169c82ba25bb5f7f465c0b23f371bdbd9570d7dfde2ac3       explorer link: https://explorer.hiro.so/txid/d48bfd29d6829c38c4169c82ba25bb5f7f465c0b23f371bdbd9570d7dfde2ac3?chain=testnet&api=https://api.nakamoto.testnet.hiro.so
2024-05-31T21:21:35.778Z - INFO - current burn block height: 15322
2024-05-31T21:21:36.093Z - INFO - current cycle: 16
2024-05-31T21:21:36.093Z - INFO - is in reward phase
2024-05-31T21:21:36.279Z - INFO - partial stacked by cycle 17: 24659981994000
2024-05-31T21:22:08.270Z - INFO - current burn block height: 15323
2024-05-31T21:22:08.459Z - INFO - current cycle: 16
2024-05-31T21:22:08.459Z - INFO - is in reward phase
2024-05-31T21:22:08.644Z - INFO - partial stacked by cycle 17: 24659981994000
2024-05-31T21:22:51.693Z - INFO - current burn block height: 15323
2024-05-31T21:22:51.988Z - INFO - current cycle: 16
2024-05-31T21:22:51.988Z - INFO - is in reward phase
2024-05-31T21:22:52.175Z - INFO - partial stacked by cycle 17: 24659981994000
2024-05-31T21:23:44.956Z - INFO - current burn block height: 15323
2024-05-31T21:23:45.258Z - INFO - current cycle: 16
2024-05-31T21:23:45.258Z - INFO - is in reward phase
2024-05-31T21:23:45.441Z - INFO - partial stacked by cycle 17: 24659981994000
2024-05-31T21:27:16.315Z - INFO - current burn block height: 15324
2024-05-31T21:27:16.620Z - INFO - current cycle: 16
2024-05-31T21:27:16.620Z - INFO - is in reward phase
2024-05-31T21:27:16.816Z - INFO - partial stacked by cycle 17: 24659981994000
2024-05-31T21:27:19.546Z - INFO - partial stacked enough and offset passed, performed agg-increase
2024-05-31T21:27:19.547Z - INFO - maybe-stack-aggregation-commit > agg-increase tx 99bd65109013efde0d7fb7d31c250e216bff1b8d78fcc913745e32998af59010
      api link: https://api.nakamoto.testnet.hiro.so/extended/v1/tx/99bd65109013efde0d7fb7d31c250e216bff1b8d78fcc913745e32998af59010
      explorer link: https://explorer.hiro.so/txid/99bd65109013efde0d7fb7d31c250e216bff1b8d78fcc913745e32998af59010?chain=testnet&api=https://api.nakamoto.testnet.hiro.so
2024-05-31T21:33:20.175Z - INFO - current burn block height: 15327
2024-05-31T21:33:20.487Z - INFO - current cycle: 16
2024-05-31T21:33:20.487Z - INFO - is in reward phase
2024-05-31T21:33:20.670Z - INFO - partial stacked by cycle 17: 24659981994000
2024-05-31T21:33:23.005Z - INFO - partial stacked enough and offset passed, performed agg-increase
2024-05-31T21:33:23.006Z - INFO - maybe-stack-aggregation-commit > agg-increase tx bc64f4af5c0049d8c06895f28196e6232b6b9fe2636da04b08131c2b2a301732
      api link: https://api.nakamoto.testnet.hiro.so/extended/v1/tx/bc64f4af5c0049d8c06895f28196e6232b6b9fe2636da04b08131c2b2a301732
      explorer link: https://explorer.hiro.so/txid/bc64f4af5c0049d8c06895f28196e6232b6b9fe2636da04b08131c2b2a301732?chain=testnet&api=https://api.nakamoto.testnet.hiro.so
2024-05-31T22:30:01.361Z - INFO - current burn block height: 15345
2024-05-31T22:30:01.672Z - INFO - current cycle: 16
2024-05-31T22:30:01.672Z - INFO - is in reward phase
2024-05-31T22:30:01.836Z - ERROR - failed to get partial stacked by cycle: TypeError: Cannot read properties of null (reading 'value')
2024-05-31T22:30:01.836Z - INFO - partial stacked by cycle 17: 0
2024-05-31T22:31:00.128Z - INFO - current burn block height: 15346
2024-05-31T22:31:00.526Z - INFO - current cycle: 16
2024-05-31T22:31:00.526Z - INFO - is in reward phase
2024-05-31T22:31:00.731Z - ERROR - failed to get partial stacked by cycle: TypeError: Cannot read properties of null (reading 'value')
2024-05-31T22:31:00.732Z - INFO - partial stacked by cycle 17: 0
2024-05-31T22:34:00.263Z - INFO - current burn block height: 15347
2024-05-31T22:34:00.580Z - INFO - current cycle: 16
2024-05-31T22:34:00.580Z - INFO - is in reward phase
2024-05-31T22:34:00.758Z - ERROR - failed to get partial stacked by cycle: TypeError: Cannot read properties of null (reading 'value')
2024-05-31T22:34:00.758Z - INFO - partial stacked by cycle 17: 0
2024-05-31T22:37:00.277Z - INFO - current burn block height: 15348
2024-05-31T22:37:01.320Z - INFO - current cycle: 16
2024-05-31T22:37:01.321Z - INFO - is in reward phase
2024-05-31T22:37:01.481Z - ERROR - failed to get partial stacked by cycle: TypeError: Cannot read properties of null (reading 'value')
2024-05-31T22:37:01.481Z - INFO - partial stacked by cycle 17: 0
2024-05-31T22:40:00.261Z - INFO - current burn block height: 15349
2024-05-31T22:40:01.657Z - INFO - current cycle: 16
2024-05-31T22:40:01.660Z - INFO - is in reward phase
2024-05-31T22:40:01.840Z - ERROR - failed to get partial stacked by cycle: TypeError: Cannot read properties of null (reading 'value')
2024-05-31T22:40:01.841Z - INFO - partial stacked by cycle 17: 0
2024-05-31T22:43:00.255Z - INFO - current burn block height: 15350
2024-05-31T22:43:00.621Z - INFO - current cycle: 16
2024-05-31T22:43:00.622Z - INFO - is in reward phase
2024-05-31T22:43:00.795Z - ERROR - failed to get partial stacked by cycle: TypeError: Cannot read properties of null (reading 'value')
2024-05-31T22:43:00.795Z - INFO - partial stacked by cycle 17: 0
2024-05-31T22:46:00.243Z - INFO - current burn block height: 15351
2024-05-31T22:46:00.637Z - INFO - current cycle: 16
2024-05-31T22:46:00.637Z - INFO - is in reward phase
2024-05-31T22:46:00.946Z - ERROR - failed to get partial stacked by cycle: TypeError: Cannot read properties of null (reading 'value')
2024-05-31T22:46:00.947Z - INFO - partial stacked by cycle 17: 0
2024-05-31T22:49:00.248Z - INFO - current burn block height: 15352
2024-05-31T22:49:01.666Z - INFO - current cycle: 16
2024-05-31T22:49:01.666Z - INFO - is in reward phase
2024-05-31T22:49:01.835Z - ERROR - failed to get partial stacked by cycle: TypeError: Cannot read properties of null (reading 'value')
2024-05-31T22:49:01.836Z - INFO - partial stacked by cycle 17: 0
2024-05-31T22:50:00.250Z - INFO - current burn block height: 15352
2024-05-31T22:50:00.570Z - INFO - current cycle: 16
2024-05-31T22:50:00.571Z - INFO - is in reward phase
2024-05-31T22:50:00.792Z - ERROR - failed to get partial stacked by cycle: TypeError: Cannot read properties of null (reading 'value')
2024-05-31T22:50:00.793Z - INFO - partial stacked by cycle 17: 0
2024-05-31T22:51:00.240Z - INFO - current burn block height: 15352
2024-05-31T22:51:00.577Z - INFO - current cycle: 16
2024-05-31T22:51:00.579Z - INFO - is in reward phase
2024-05-31T22:51:00.742Z - ERROR - failed to get partial stacked by cycle: TypeError: Cannot read properties of null (reading 'value')
2024-05-31T22:51:00.742Z - INFO - partial stacked by cycle 17: 0
2024-05-31T22:52:00.256Z - INFO - current burn block height: 15353
2024-05-31T22:52:00.439Z - INFO - current cycle: 16
2024-05-31T22:52:00.439Z - INFO - is in reward phase
2024-05-31T22:52:00.603Z - ERROR - failed to get partial stacked by cycle: TypeError: Cannot read properties of null (reading 'value')
2024-05-31T22:52:00.604Z - INFO - partial stacked by cycle 17: 0
2024-05-31T22:53:00.250Z - INFO - current burn block height: 15353
2024-05-31T22:53:00.591Z - INFO - current cycle: 16
2024-05-31T22:53:00.592Z - INFO - is in reward phase
2024-05-31T22:53:00.770Z - ERROR - failed to get partial stacked by cycle: TypeError: Cannot read properties of null (reading 'value')
2024-05-31T22:53:00.770Z - INFO - partial stacked by cycle 17: 0
2024-05-31T22:54:00.280Z - INFO - current burn block height: 15353
2024-05-31T22:54:00.458Z - INFO - current cycle: 16
2024-05-31T22:54:00.459Z - INFO - is in reward phase
2024-05-31T22:54:00.632Z - ERROR - failed to get partial stacked by cycle: TypeError: Cannot read properties of null (reading 'value')
2024-05-31T22:54:00.632Z - INFO - partial stacked by cycle 17: 0
2024-05-31T22:55:00.244Z - INFO - current burn block height: 15354
2024-05-31T22:55:00.412Z - INFO - current cycle: 16
2024-05-31T22:55:00.413Z - INFO - is in reward phase
2024-05-31T22:55:00.586Z - ERROR - failed to get partial stacked by cycle: TypeError: Cannot read properties of null (reading 'value')
2024-05-31T22:55:00.587Z - INFO - partial stacked by cycle 17: 0
2024-05-31T22:56:00.283Z - INFO - current burn block height: 15354
2024-05-31T22:56:00.468Z - INFO - current cycle: 16
2024-05-31T22:56:00.468Z - INFO - is in reward phase
2024-05-31T22:56:00.645Z - ERROR - failed to get partial stacked by cycle: TypeError: Cannot read properties of null (reading 'value')
2024-05-31T22:56:00.645Z - INFO - partial stacked by cycle 17: 0
2024-05-31T22:57:00.258Z - INFO - current burn block height: 15354
2024-05-31T22:57:00.437Z - INFO - current cycle: 16
2024-05-31T22:57:00.437Z - INFO - is in reward phase
2024-05-31T22:57:00.612Z - ERROR - failed to get partial stacked by cycle: TypeError: Cannot read properties of null (reading 'value')
2024-05-31T22:57:00.613Z - INFO - partial stacked by cycle 17: 0
2024-05-31T22:58:00.248Z - INFO - current burn block height: 15355
2024-05-31T22:58:00.543Z - INFO - current cycle: 16
2024-05-31T22:58:00.544Z - INFO - is in reward phase
2024-05-31T22:58:00.714Z - ERROR - failed to get partial stacked by cycle: TypeError: Cannot read properties of null (reading 'value')
2024-05-31T22:58:00.714Z - INFO - partial stacked by cycle 17: 0
2024-05-31T22:59:00.227Z - INFO - current burn block height: 15355
2024-05-31T22:59:00.507Z - INFO - current cycle: 16
2024-05-31T22:59:00.508Z - INFO - is in reward phase
2024-05-31T22:59:00.666Z - ERROR - failed to get partial stacked by cycle: TypeError: Cannot read properties of null (reading 'value')
2024-05-31T22:59:00.666Z - INFO - partial stacked by cycle 17: 0
2024-05-31T23:00:00.261Z - INFO - current burn block height: 15355
2024-05-31T23:00:00.562Z - INFO - current cycle: 16
2024-05-31T23:00:00.563Z - INFO - is in reward phase
2024-05-31T23:00:00.726Z - ERROR - failed to get partial stacked by cycle: TypeError: Cannot read properties of null (reading 'value')
2024-05-31T23:00:00.726Z - INFO - partial stacked by cycle 17: 0
2024-05-31T23:01:00.277Z - INFO - current burn block height: 15356
2024-05-31T23:01:00.452Z - INFO - current cycle: 16
2024-05-31T23:01:00.453Z - INFO - is in reward phase
2024-05-31T23:01:00.619Z - ERROR - failed to get partial stacked by cycle: TypeError: Cannot read properties of null (reading 'value')
2024-05-31T23:01:00.619Z - INFO - partial stacked by cycle 17: 0
2024-05-31T23:02:00.265Z - INFO - current burn block height: 15356
2024-05-31T23:02:00.432Z - INFO - current cycle: 16
2024-05-31T23:02:00.436Z - INFO - is in reward phase
2024-05-31T23:02:00.615Z - ERROR - failed to get partial stacked by cycle: TypeError: Cannot read properties of null (reading 'value')
2024-05-31T23:02:00.616Z - INFO - partial stacked by cycle 17: 0
2024-05-31T23:03:00.255Z - INFO - current burn block height: 15356
2024-05-31T23:03:00.567Z - INFO - current cycle: 16
2024-05-31T23:03:00.568Z - INFO - is in reward phase
2024-05-31T23:03:00.897Z - ERROR - failed to get partial stacked by cycle: TypeError: Cannot read properties of null (reading 'value')
2024-05-31T23:03:00.898Z - INFO - partial stacked by cycle 17: 0
2024-05-31T23:04:00.351Z - INFO - current burn block height: 15357
2024-05-31T23:04:00.640Z - INFO - current cycle: 16
2024-05-31T23:04:00.641Z - INFO - is in reward phase
2024-05-31T23:04:00.809Z - ERROR - failed to get partial stacked by cycle: TypeError: Cannot read properties of null (reading 'value')
2024-05-31T23:04:00.809Z - INFO - partial stacked by cycle 17: 0
2024-05-31T23:05:00.256Z - INFO - current burn block height: 15357
2024-05-31T23:05:00.552Z - INFO - current cycle: 16
2024-05-31T23:05:00.552Z - INFO - is in reward phase
2024-05-31T23:05:00.711Z - ERROR - failed to get partial stacked by cycle: TypeError: Cannot read properties of null (reading 'value')
2024-05-31T23:05:00.711Z - INFO - partial stacked by cycle 17: 0
2024-05-31T23:06:00.270Z - INFO - current burn block height: 15357
2024-05-31T23:06:00.585Z - INFO - current cycle: 16
2024-05-31T23:06:00.585Z - INFO - is in reward phase
2024-05-31T23:06:00.752Z - ERROR - failed to get partial stacked by cycle: TypeError: Cannot read properties of null (reading 'value')
2024-05-31T23:06:00.752Z - INFO - partial stacked by cycle 17: 0
2024-05-31T23:07:00.294Z - INFO - current burn block height: 15358
2024-05-31T23:07:00.458Z - INFO - current cycle: 16
2024-05-31T23:07:00.459Z - INFO - is in reward phase
2024-05-31T23:07:00.622Z - ERROR - failed to get partial stacked by cycle: TypeError: Cannot read properties of null (reading 'value')
2024-05-31T23:07:00.622Z - INFO - partial stacked by cycle 17: 0
2024-05-31T23:08:00.272Z - INFO - current burn block height: 15358
2024-05-31T23:08:00.462Z - INFO - current cycle: 16
2024-05-31T23:08:00.463Z - INFO - is in reward phase
2024-05-31T23:08:00.628Z - ERROR - failed to get partial stacked by cycle: TypeError: Cannot read properties of null (reading 'value')
2024-05-31T23:08:00.629Z - INFO - partial stacked by cycle 17: 0
2024-05-31T23:09:00.268Z - INFO - current burn block height: 15358
2024-05-31T23:09:00.456Z - INFO - current cycle: 16
2024-05-31T23:09:00.456Z - INFO - is in reward phase
2024-05-31T23:09:00.637Z - ERROR - failed to get partial stacked by cycle: TypeError: Cannot read properties of null (reading 'value')
2024-05-31T23:09:00.637Z - INFO - partial stacked by cycle 17: 0
2024-05-31T23:10:00.251Z - INFO - current burn block height: 15359
2024-05-31T23:10:00.430Z - INFO - current cycle: 16
2024-05-31T23:10:00.431Z - INFO - is in reward phase
2024-05-31T23:10:00.618Z - ERROR - failed to get partial stacked by cycle: TypeError: Cannot read properties of null (reading 'value')
2024-05-31T23:10:00.619Z - INFO - partial stacked by cycle 17: 0
2024-05-31T23:11:00.264Z - INFO - current burn block height: 15359
2024-05-31T23:11:00.432Z - INFO - current cycle: 16
2024-05-31T23:11:00.432Z - INFO - is in reward phase
2024-05-31T23:11:00.596Z - ERROR - failed to get partial stacked by cycle: TypeError: Cannot read properties of null (reading 'value')
2024-05-31T23:11:00.596Z - INFO - partial stacked by cycle 17: 0
2024-05-31T23:12:00.258Z - INFO - current burn block height: 15359
2024-05-31T23:12:00.448Z - INFO - current cycle: 16
2024-05-31T23:12:00.449Z - INFO - is in reward phase
2024-05-31T23:12:00.732Z - ERROR - failed to get partial stacked by cycle: TypeError: Cannot read properties of null (reading 'value')
2024-05-31T23:12:00.732Z - INFO - partial stacked by cycle 17: 0
2024-05-31T23:13:00.241Z - INFO - current burn block height: 15360
2024-05-31T23:13:00.422Z - INFO - current cycle: 16
2024-05-31T23:13:00.422Z - INFO - is in reward phase
2024-05-31T23:13:00.586Z - ERROR - failed to get partial stacked by cycle: TypeError: Cannot read properties of null (reading 'value')
2024-05-31T23:13:00.586Z - INFO - partial stacked by cycle 17: 0
2024-05-31T23:14:00.242Z - INFO - current burn block height: 15360
2024-05-31T23:14:00.645Z - INFO - current cycle: 16
2024-05-31T23:14:00.647Z - INFO - is in reward phase
2024-05-31T23:14:00.821Z - ERROR - failed to get partial stacked by cycle: TypeError: Cannot read properties of null (reading 'value')
2024-05-31T23:14:00.821Z - INFO - partial stacked by cycle 17: 0
2024-05-31T23:15:00.293Z - INFO - current burn block height: 15360
2024-05-31T23:15:00.480Z - INFO - current cycle: 16
2024-05-31T23:15:00.480Z - INFO - is in reward phase
2024-05-31T23:15:00.665Z - ERROR - failed to get partial stacked by cycle: TypeError: Cannot read properties of null (reading 'value')
2024-05-31T23:15:00.665Z - INFO - partial stacked by cycle 17: 0
2024-05-31T23:16:00.248Z - INFO - current burn block height: 15361
2024-05-31T23:16:00.430Z - INFO - current cycle: 16
2024-05-31T23:16:00.430Z - INFO - is in reward phase
2024-05-31T23:16:00.599Z - ERROR - failed to get partial stacked by cycle: TypeError: Cannot read properties of null (reading 'value')
2024-05-31T23:16:00.600Z - INFO - partial stacked by cycle 17: 0
2024-05-31T23:48:37.572Z - INFO - current burn block height: 15371
2024-05-31T23:48:37.922Z - INFO - current cycle: 16
2024-05-31T23:48:37.922Z - INFO - is in reward phase
2024-05-31T23:48:38.089Z - ERROR - failed to get partial stacked by cycle: TypeError: Cannot read properties of null (reading 'value')
2024-05-31T23:48:38.089Z - INFO - partial stacked by cycle 17: 0
2024-06-01T00:04:11.996Z - INFO - current burn block height: 15377
2024-06-01T00:04:12.285Z - INFO - current cycle: 16
2024-06-01T00:04:12.285Z - INFO - is in reward phase
2024-06-01T00:04:12.446Z - ERROR - failed to get partial stacked by cycle: TypeError: Cannot read properties of null (reading 'value')
2024-06-01T00:04:12.446Z - INFO - partial stacked by cycle 17: 0
2024-06-01T01:06:30.334Z - INFO - current burn block height: 15397
2024-06-01T01:06:30.610Z - INFO - current cycle: 16
2024-06-01T01:06:30.611Z - INFO - is in reward phase
2024-06-01T01:06:30.769Z - ERROR - failed to get partial stacked by cycle: TypeError: Cannot read properties of null (reading 'value')
2024-06-01T01:06:30.770Z - INFO - partial stacked by cycle 17: 0
2024-06-01T01:17:34.997Z - INFO - current burn block height: 15401
2024-06-01T01:17:35.277Z - INFO - current cycle: 16
2024-06-01T01:17:35.277Z - INFO - is in reward phase
2024-06-01T01:17:35.447Z - ERROR - failed to get partial stacked by cycle: TypeError: Cannot read properties of null (reading 'value')
2024-06-01T01:17:35.447Z - INFO - partial stacked by cycle 17: 0
2024-06-01T01:32:49.112Z - INFO - current burn block height: 15406
2024-06-01T01:32:49.399Z - INFO - current cycle: 16
2024-06-01T01:32:49.400Z - INFO - is in reward phase
2024-06-01T01:32:49.567Z - ERROR - failed to get partial stacked by cycle: TypeError: Cannot read properties of null (reading 'value')
2024-06-01T01:32:49.567Z - INFO - partial stacked by cycle 17: 0
2024-06-01T01:33:00.241Z - INFO - current burn block height: 15406
2024-06-01T01:33:00.421Z - INFO - current cycle: 16
2024-06-01T01:33:00.422Z - INFO - is in reward phase
2024-06-01T01:33:00.590Z - ERROR - failed to get partial stacked by cycle: TypeError: Cannot read properties of null (reading 'value')
2024-06-01T01:33:00.590Z - INFO - partial stacked by cycle 17: 0
2024-06-01T01:48:40.230Z - INFO - current burn block height: 15412
2024-06-01T01:48:40.506Z - INFO - current cycle: 16
2024-06-01T01:48:40.508Z - INFO - is in reward phase
2024-06-01T01:48:40.681Z - ERROR - failed to get partial stacked by cycle: TypeError: Cannot read properties of null (reading 'value')
2024-06-01T01:48:40.682Z - INFO - partial stacked by cycle 17: 0
2024-06-01T01:49:33.896Z - INFO - current burn block height: 15412
2024-06-01T01:49:34.052Z - INFO - current cycle: 16
2024-06-01T01:49:34.052Z - INFO - is in reward phase
2024-06-01T01:49:34.209Z - ERROR - failed to get partial stacked by cycle: TypeError: Cannot read properties of null (reading 'value')
2024-06-01T01:49:34.209Z - INFO - partial stacked by cycle 17: 0
2024-06-01T01:56:49.485Z - INFO - current burn block height: 15414
2024-06-01T01:56:49.665Z - INFO - current cycle: 16
2024-06-01T01:56:49.666Z - INFO - is in reward phase
2024-06-01T01:56:49.844Z - ERROR - failed to get partial stacked by cycle: TypeError: Cannot read properties of null (reading 'value')
2024-06-01T01:56:49.844Z - INFO - partial stacked by cycle 17: 0
2024-06-01T01:57:00.239Z - INFO - current burn block height: 15414
2024-06-01T01:57:00.404Z - INFO - current cycle: 16
2024-06-01T01:57:00.405Z - INFO - is in reward phase
2024-06-01T01:57:00.570Z - ERROR - failed to get partial stacked by cycle: TypeError: Cannot read properties of null (reading 'value')
2024-06-01T01:57:00.570Z - INFO - partial stacked by cycle 17: 0
2024-06-01T01:58:00.225Z - INFO - current burn block height: 15415
2024-06-01T01:58:00.387Z - INFO - current cycle: 16
2024-06-01T01:58:00.387Z - INFO - is in reward phase
2024-06-01T01:58:00.549Z - ERROR - failed to get partial stacked by cycle: TypeError: Cannot read properties of null (reading 'value')
2024-06-01T01:58:00.549Z - INFO - partial stacked by cycle 17: 0
2024-06-01T01:59:00.256Z - INFO - current burn block height: 15415
2024-06-01T01:59:01.207Z - INFO - current cycle: 16
2024-06-01T01:59:01.208Z - INFO - is in reward phase
2024-06-01T01:59:01.369Z - ERROR - failed to get partial stacked by cycle: TypeError: Cannot read properties of null (reading 'value')
2024-06-01T01:59:01.370Z - INFO - partial stacked by cycle 17: 0
2024-06-01T02:00:00.251Z - INFO - current burn block height: 15415
2024-06-01T02:00:00.435Z - INFO - current cycle: 16
2024-06-01T02:00:00.435Z - INFO - is in reward phase
2024-06-01T02:00:00.603Z - ERROR - failed to get partial stacked by cycle: TypeError: Cannot read properties of null (reading 'value')
2024-06-01T02:00:00.603Z - INFO - partial stacked by cycle 17: 0
2024-06-01T02:01:00.237Z - INFO - current burn block height: 15416
2024-06-01T02:01:00.402Z - INFO - current cycle: 16
2024-06-01T02:01:00.403Z - INFO - is in reward phase
2024-06-01T02:01:00.563Z - ERROR - failed to get partial stacked by cycle: TypeError: Cannot read properties of null (reading 'value')
2024-06-01T02:01:00.563Z - INFO - partial stacked by cycle 17: 0
2024-06-01T02:02:00.260Z - INFO - current burn block height: 15416
2024-06-01T02:02:00.426Z - INFO - current cycle: 16
2024-06-01T02:02:00.426Z - INFO - is in reward phase
2024-06-01T02:02:00.590Z - ERROR - failed to get partial stacked by cycle: TypeError: Cannot read properties of null (reading 'value')
2024-06-01T02:02:00.591Z - INFO - partial stacked by cycle 17: 0
2024-06-01T02:03:00.264Z - INFO - current burn block height: 15416
2024-06-01T02:03:00.446Z - INFO - current cycle: 16
2024-06-01T02:03:00.447Z - INFO - is in reward phase
2024-06-01T02:03:00.606Z - ERROR - failed to get partial stacked by cycle: TypeError: Cannot read properties of null (reading 'value')
2024-06-01T02:03:00.606Z - INFO - partial stacked by cycle 17: 0
2024-06-01T02:04:00.281Z - INFO - current burn block height: 15417
2024-06-01T02:04:00.596Z - INFO - current cycle: 16
2024-06-01T02:04:00.598Z - INFO - is in reward phase
2024-06-01T02:04:00.769Z - ERROR - failed to get partial stacked by cycle: TypeError: Cannot read properties of null (reading 'value')
2024-06-01T02:04:00.769Z - INFO - partial stacked by cycle 17: 0
2024-06-01T02:05:00.237Z - INFO - current burn block height: 15417
2024-06-01T02:05:00.403Z - INFO - current cycle: 16
2024-06-01T02:05:00.404Z - INFO - is in reward phase
2024-06-01T02:05:00.579Z - ERROR - failed to get partial stacked by cycle: TypeError: Cannot read properties of null (reading 'value')
2024-06-01T02:05:00.579Z - INFO - partial stacked by cycle 17: 0
2024-06-01T02:06:00.256Z - INFO - current burn block height: 15417
2024-06-01T02:06:00.432Z - INFO - current cycle: 16
2024-06-01T02:06:00.433Z - INFO - is in reward phase
2024-06-01T02:06:00.602Z - ERROR - failed to get partial stacked by cycle: TypeError: Cannot read properties of null (reading 'value')
2024-06-01T02:06:00.602Z - INFO - partial stacked by cycle 17: 0
2024-06-01T02:07:00.256Z - INFO - current burn block height: 15418
2024-06-01T02:07:00.584Z - INFO - current cycle: 16
2024-06-01T02:07:00.585Z - INFO - is in reward phase
2024-06-01T02:07:00.753Z - ERROR - failed to get partial stacked by cycle: TypeError: Cannot read properties of null (reading 'value')
2024-06-01T02:07:00.753Z - INFO - partial stacked by cycle 17: 0
2024-06-01T02:08:00.242Z - INFO - current burn block height: 15418
2024-06-01T02:08:00.529Z - INFO - current cycle: 16
2024-06-01T02:08:00.530Z - INFO - is in reward phase
2024-06-01T02:08:00.693Z - ERROR - failed to get partial stacked by cycle: TypeError: Cannot read properties of null (reading 'value')
2024-06-01T02:08:00.693Z - INFO - partial stacked by cycle 17: 0
2024-06-01T02:09:00.277Z - INFO - current burn block height: 15418
2024-06-01T02:09:00.601Z - INFO - current cycle: 16
2024-06-01T02:09:00.602Z - INFO - is in reward phase
2024-06-01T02:09:00.768Z - ERROR - failed to get partial stacked by cycle: TypeError: Cannot read properties of null (reading 'value')
2024-06-01T02:09:00.768Z - INFO - partial stacked by cycle 17: 0
2024-06-01T02:10:00.260Z - INFO - current burn block height: 15419
2024-06-01T02:10:00.438Z - INFO - current cycle: 16
2024-06-01T02:10:00.438Z - INFO - is in reward phase
2024-06-01T02:10:00.603Z - ERROR - failed to get partial stacked by cycle: TypeError: Cannot read properties of null (reading 'value')
2024-06-01T02:10:00.604Z - INFO - partial stacked by cycle 17: 0
2024-06-01T02:11:00.292Z - INFO - current burn block height: 15419
2024-06-01T02:11:00.480Z - INFO - current cycle: 16
2024-06-01T02:11:00.480Z - INFO - is in reward phase
2024-06-01T02:11:00.642Z - ERROR - failed to get partial stacked by cycle: TypeError: Cannot read properties of null (reading 'value')
2024-06-01T02:11:00.642Z - INFO - partial stacked by cycle 17: 0
2024-06-01T02:12:00.276Z - INFO - current burn block height: 15419
2024-06-01T02:12:00.455Z - INFO - current cycle: 16
2024-06-01T02:12:00.456Z - INFO - is in reward phase
2024-06-01T02:12:00.621Z - ERROR - failed to get partial stacked by cycle: TypeError: Cannot read properties of null (reading 'value')
2024-06-01T02:12:00.621Z - INFO - partial stacked by cycle 17: 0
2024-06-01T02:13:00.342Z - INFO - current burn block height: 15420
2024-06-01T02:13:00.528Z - INFO - current cycle: 16
2024-06-01T02:13:00.529Z - INFO - is in reward phase
2024-06-01T02:13:00.703Z - ERROR - failed to get partial stacked by cycle: TypeError: Cannot read properties of null (reading 'value')
2024-06-01T02:13:00.704Z - INFO - partial stacked by cycle 17: 0
2024-06-01T02:14:00.231Z - INFO - current burn block height: 15420
2024-06-01T02:14:00.636Z - INFO - current cycle: 16
2024-06-01T02:14:00.637Z - INFO - is in reward phase
2024-06-01T02:14:00.884Z - ERROR - failed to get partial stacked by cycle: TypeError: Cannot read properties of null (reading 'value')
2024-06-01T02:14:00.884Z - INFO - partial stacked by cycle 17: 0
2024-06-01T02:15:00.259Z - INFO - current burn block height: 15420
2024-06-01T02:15:00.640Z - INFO - current cycle: 16
2024-06-01T02:15:00.641Z - INFO - is in reward phase
2024-06-01T02:15:00.804Z - ERROR - failed to get partial stacked by cycle: TypeError: Cannot read properties of null (reading 'value')
2024-06-01T02:15:00.805Z - INFO - partial stacked by cycle 17: 0
2024-06-01T02:16:00.247Z - INFO - current burn block height: 15421
2024-06-01T02:16:00.417Z - INFO - current cycle: 16
2024-06-01T02:16:00.418Z - INFO - is in reward phase
2024-06-01T02:16:00.582Z - ERROR - failed to get partial stacked by cycle: TypeError: Cannot read properties of null (reading 'value')
2024-06-01T02:16:00.583Z - INFO - partial stacked by cycle 17: 0
2024-06-01T02:17:00.254Z - INFO - current burn block height: 15421
2024-06-01T02:17:00.542Z - INFO - current cycle: 16
2024-06-01T02:17:00.542Z - INFO - is in reward phase
2024-06-01T02:17:00.711Z - ERROR - failed to get partial stacked by cycle: TypeError: Cannot read properties of null (reading 'value')
2024-06-01T02:17:00.711Z - INFO - partial stacked by cycle 17: 0
2024-06-01T02:18:00.252Z - INFO - current burn block height: 15421
2024-06-01T02:18:00.433Z - INFO - current cycle: 16
2024-06-01T02:18:00.433Z - INFO - is in reward phase
2024-06-01T02:18:00.604Z - ERROR - failed to get partial stacked by cycle: TypeError: Cannot read properties of null (reading 'value')
2024-06-01T02:18:00.605Z - INFO - partial stacked by cycle 17: 0
2024-06-01T02:19:00.270Z - INFO - current burn block height: 15422
2024-06-01T02:19:00.444Z - INFO - current cycle: 16
2024-06-01T02:19:00.444Z - INFO - is in reward phase
2024-06-01T02:19:00.613Z - ERROR - failed to get partial stacked by cycle: TypeError: Cannot read properties of null (reading 'value')
2024-06-01T02:19:00.613Z - INFO - partial stacked by cycle 17: 0
2024-06-01T02:20:00.235Z - INFO - current burn block height: 15422
2024-06-01T02:20:00.529Z - INFO - current cycle: 16
2024-06-01T02:20:00.529Z - INFO - is in reward phase
2024-06-01T02:20:00.704Z - ERROR - failed to get partial stacked by cycle: TypeError: Cannot read properties of null (reading 'value')
2024-06-01T02:20:00.704Z - INFO - partial stacked by cycle 17: 0
2024-06-01T02:21:00.224Z - INFO - current burn block height: 15422
2024-06-01T02:21:00.504Z - INFO - current cycle: 16
2024-06-01T02:21:00.505Z - INFO - is in reward phase
2024-06-01T02:21:00.677Z - ERROR - failed to get partial stacked by cycle: TypeError: Cannot read properties of null (reading 'value')
2024-06-01T02:21:00.677Z - INFO - partial stacked by cycle 17: 0
2024-06-01T02:22:00.261Z - INFO - current burn block height: 15423
2024-06-01T02:22:00.428Z - INFO - current cycle: 16
2024-06-01T02:22:00.429Z - INFO - is in reward phase
2024-06-01T02:22:00.623Z - ERROR - failed to get partial stacked by cycle: TypeError: Cannot read properties of null (reading 'value')
2024-06-01T02:22:00.623Z - INFO - partial stacked by cycle 17: 0
2024-06-01T02:23:00.243Z - INFO - current burn block height: 15423
2024-06-01T02:23:00.528Z - INFO - current cycle: 16
2024-06-01T02:23:00.529Z - INFO - is in reward phase
2024-06-01T02:23:00.778Z - ERROR - failed to get partial stacked by cycle: TypeError: Cannot read properties of null (reading 'value')
2024-06-01T02:23:00.779Z - INFO - partial stacked by cycle 17: 0
2024-06-01T02:24:00.246Z - INFO - current burn block height: 15423
2024-06-01T02:24:00.532Z - INFO - current cycle: 16
2024-06-01T02:24:00.532Z - INFO - is in reward phase
2024-06-01T02:24:00.698Z - ERROR - failed to get partial stacked by cycle: TypeError: Cannot read properties of null (reading 'value')
2024-06-01T02:24:00.698Z - INFO - partial stacked by cycle 17: 0
2024-06-01T02:25:00.243Z - INFO - current burn block height: 15424
2024-06-01T02:25:00.422Z - INFO - current cycle: 16
2024-06-01T02:25:00.422Z - INFO - is in reward phase
2024-06-01T02:25:00.591Z - ERROR - failed to get partial stacked by cycle: TypeError: Cannot read properties of null (reading 'value')
2024-06-01T02:25:00.591Z - INFO - partial stacked by cycle 17: 0
2024-06-01T02:26:00.241Z - INFO - current burn block height: 15424
2024-06-01T02:26:00.420Z - INFO - current cycle: 16
2024-06-01T02:26:00.420Z - INFO - is in reward phase
2024-06-01T02:26:00.725Z - ERROR - failed to get partial stacked by cycle: TypeError: Cannot read properties of null (reading 'value')
2024-06-01T02:26:00.726Z - INFO - partial stacked by cycle 17: 0
2024-06-01T02:27:00.246Z - INFO - current burn block height: 15424
2024-06-01T02:27:00.526Z - INFO - current cycle: 16
2024-06-01T02:27:00.526Z - INFO - is in reward phase
2024-06-01T02:27:00.704Z - ERROR - failed to get partial stacked by cycle: TypeError: Cannot read properties of null (reading 'value')
2024-06-01T02:27:00.704Z - INFO - partial stacked by cycle 17: 0
2024-06-01T02:28:00.278Z - INFO - current burn block height: 15425
2024-06-01T02:28:00.573Z - INFO - current cycle: 16
2024-06-01T02:28:00.574Z - INFO - is in reward phase
2024-06-01T02:28:00.758Z - ERROR - failed to get partial stacked by cycle: TypeError: Cannot read properties of null (reading 'value')
2024-06-01T02:28:00.758Z - INFO - partial stacked by cycle 17: 0
2024-06-01T02:29:00.273Z - INFO - current burn block height: 15425
2024-06-01T02:29:00.609Z - INFO - current cycle: 16
2024-06-01T02:29:00.610Z - INFO - is in reward phase
2024-06-01T02:29:00.775Z - ERROR - failed to get partial stacked by cycle: TypeError: Cannot read properties of null (reading 'value')
2024-06-01T02:29:00.776Z - INFO - partial stacked by cycle 17: 0
2024-06-01T02:30:00.298Z - INFO - current burn block height: 15425
2024-06-01T02:30:00.659Z - INFO - current cycle: 16
2024-06-01T02:30:00.660Z - INFO - is in reward phase
2024-06-01T02:30:00.939Z - ERROR - failed to get partial stacked by cycle: TypeError: Cannot read properties of null (reading 'value')
2024-06-01T02:30:00.940Z - INFO - partial stacked by cycle 17: 0
2024-06-01T02:31:00.255Z - INFO - current burn block height: 15426
2024-06-01T02:31:00.538Z - INFO - current cycle: 16
2024-06-01T02:31:00.539Z - INFO - is in reward phase
2024-06-01T02:31:00.707Z - ERROR - failed to get partial stacked by cycle: TypeError: Cannot read properties of null (reading 'value')
2024-06-01T02:31:00.707Z - INFO - partial stacked by cycle 17: 0
2024-06-01T02:32:00.262Z - INFO - current burn block height: 15426
2024-06-01T02:32:00.444Z - INFO - current cycle: 16
2024-06-01T02:32:00.445Z - INFO - is in reward phase
2024-06-01T02:32:00.611Z - ERROR - failed to get partial stacked by cycle: TypeError: Cannot read properties of null (reading 'value')
2024-06-01T02:32:00.612Z - INFO - partial stacked by cycle 17: 0
2024-06-01T02:33:00.253Z - INFO - current burn block height: 15426
2024-06-01T02:33:00.553Z - INFO - current cycle: 16
2024-06-01T02:33:00.554Z - INFO - is in reward phase
2024-06-01T02:33:00.728Z - ERROR - failed to get partial stacked by cycle: TypeError: Cannot read properties of null (reading 'value')
2024-06-01T02:33:00.728Z - INFO - partial stacked by cycle 17: 0
2024-06-01T02:34:00.248Z - INFO - current burn block height: 15427
2024-06-01T02:34:00.417Z - INFO - current cycle: 16
2024-06-01T02:34:00.417Z - INFO - is in reward phase
2024-06-01T02:34:00.588Z - ERROR - failed to get partial stacked by cycle: TypeError: Cannot read properties of null (reading 'value')
2024-06-01T02:34:00.589Z - INFO - partial stacked by cycle 17: 0
2024-06-01T02:35:00.418Z - INFO - current burn block height: 15427
2024-06-01T02:35:00.798Z - INFO - current cycle: 16
2024-06-01T02:35:00.799Z - INFO - is in reward phase
2024-06-01T02:35:00.976Z - ERROR - failed to get partial stacked by cycle: TypeError: Cannot read properties of null (reading 'value')
2024-06-01T02:35:00.976Z - INFO - partial stacked by cycle 17: 0
2024-06-01T02:36:00.274Z - INFO - current burn block height: 15427
2024-06-01T02:36:00.598Z - INFO - current cycle: 16
2024-06-01T02:36:00.598Z - INFO - is in reward phase
2024-06-01T02:36:00.763Z - ERROR - failed to get partial stacked by cycle: TypeError: Cannot read properties of null (reading 'value')
2024-06-01T02:36:00.763Z - INFO - partial stacked by cycle 17: 0
2024-06-01T02:37:00.235Z - INFO - current burn block height: 15428
2024-06-01T02:37:00.418Z - INFO - current cycle: 16
2024-06-01T02:37:00.420Z - INFO - is in reward phase
2024-06-01T02:37:00.605Z - ERROR - failed to get partial stacked by cycle: TypeError: Cannot read properties of null (reading 'value')
2024-06-01T02:37:00.606Z - INFO - partial stacked by cycle 17: 0
2024-06-01T02:38:00.260Z - INFO - current burn block height: 15428
2024-06-01T02:38:00.562Z - INFO - current cycle: 16
2024-06-01T02:38:00.563Z - INFO - is in reward phase
2024-06-01T02:38:00.724Z - ERROR - failed to get partial stacked by cycle: TypeError: Cannot read properties of null (reading 'value')
2024-06-01T02:38:00.724Z - INFO - partial stacked by cycle 17: 0
2024-06-01T02:39:00.259Z - INFO - current burn block height: 15428
2024-06-01T02:39:00.626Z - INFO - current cycle: 16
2024-06-01T02:39:00.627Z - INFO - is in reward phase
2024-06-01T02:39:00.794Z - ERROR - failed to get partial stacked by cycle: TypeError: Cannot read properties of null (reading 'value')
2024-06-01T02:39:00.794Z - INFO - partial stacked by cycle 17: 0
2024-06-01T02:40:00.241Z - INFO - current burn block height: 15429
2024-06-01T02:40:00.416Z - INFO - current cycle: 16
2024-06-01T02:40:00.416Z - INFO - is in reward phase
2024-06-01T02:40:00.582Z - ERROR - failed to get partial stacked by cycle: TypeError: Cannot read properties of null (reading 'value')
2024-06-01T02:40:00.582Z - INFO - partial stacked by cycle 17: 0
2024-06-01T02:41:00.256Z - INFO - current burn block height: 15429
2024-06-01T02:41:00.430Z - INFO - current cycle: 16
2024-06-01T02:41:00.430Z - INFO - is in reward phase
2024-06-01T02:41:00.604Z - ERROR - failed to get partial stacked by cycle: TypeError: Cannot read properties of null (reading 'value')
2024-06-01T02:41:00.604Z - INFO - partial stacked by cycle 17: 0
2024-06-01T02:42:00.318Z - INFO - current burn block height: 15429
2024-06-01T02:42:00.612Z - INFO - current cycle: 16
2024-06-01T02:42:00.613Z - INFO - is in reward phase
2024-06-01T02:42:00.777Z - ERROR - failed to get partial stacked by cycle: TypeError: Cannot read properties of null (reading 'value')
2024-06-01T02:42:00.777Z - INFO - partial stacked by cycle 17: 0
2024-06-01T02:43:00.254Z - INFO - current burn block height: 15430
2024-06-01T02:43:00.557Z - INFO - current cycle: 16
2024-06-01T02:43:00.557Z - INFO - is in prepare phase
2024-06-01T02:43:00.558Z - INFO - updated balances this cycle false
2024-06-01T02:43:01.236Z - INFO - update-sc-balances tx 545cde1cd94d1ff98d25401508f9082cfdc050feb44b2ef52d765700b87096bf
      api link: https://api.nakamoto.testnet.hiro.so/extended/v1/tx/545cde1cd94d1ff98d25401508f9082cfdc050feb44b2ef52d765700b87096bf
      explorer link: https://explorer.hiro.so/txid/545cde1cd94d1ff98d25401508f9082cfdc050feb44b2ef52d765700b87096bf?chain=testnet&api=https://api.nakamoto.testnet.hiro.so
2024-06-01T02:46:00.284Z - INFO - current burn block height: 15431
2024-06-01T02:46:00.464Z - INFO - current cycle: 16
2024-06-01T02:46:00.464Z - INFO - is in prepare phase
2024-06-01T02:46:00.464Z - INFO - updated balances this cycle false
2024-06-01T02:47:00.261Z - INFO - current burn block height: 15431
2024-06-01T02:47:00.444Z - INFO - current cycle: 16
2024-06-01T02:47:00.445Z - INFO - is in prepare phase
2024-06-01T02:47:00.445Z - INFO - updated balances this cycle false
2024-06-01T02:48:00.260Z - INFO - current burn block height: 15431
2024-06-01T02:48:00.594Z - INFO - current cycle: 16
2024-06-01T02:48:00.595Z - INFO - is in prepare phase
2024-06-01T02:48:00.595Z - INFO - updated balances this cycle false
2024-06-01T02:49:00.239Z - INFO - current burn block height: 15432
2024-06-01T02:49:00.526Z - INFO - current cycle: 16
2024-06-01T02:49:00.529Z - INFO - is in prepare phase
2024-06-01T02:49:00.529Z - INFO - updated balances this cycle false
2024-06-01T02:49:01.089Z - INFO - Updated balances is confirmed. The tx is succesfully anchored 545cde1cd94d1ff98d25401508f9082cfdc050feb44b2ef52d765700b87096bf
2024-06-01T02:52:00.236Z - INFO - current burn block height: 15433
2024-06-01T02:52:00.622Z - INFO - current cycle: 16
2024-06-01T02:52:00.624Z - INFO - is in prepare phase
2024-06-01T02:52:00.625Z - INFO - updated balances this cycle true
2024-06-01T02:53:00.244Z - INFO - current burn block height: 15433
2024-06-01T02:53:00.627Z - INFO - current cycle: 16
2024-06-01T02:53:00.628Z - INFO - is in prepare phase
2024-06-01T02:53:00.629Z - INFO - updated balances this cycle true
2024-06-01T02:54:00.268Z - INFO - current burn block height: 15433
2024-06-01T02:54:00.429Z - INFO - current cycle: 16
2024-06-01T02:54:00.429Z - INFO - is in prepare phase
2024-06-01T02:54:00.430Z - INFO - updated balances this cycle true
2024-06-01T02:55:00.232Z - INFO - current burn block height: 15434
2024-06-01T02:55:00.541Z - INFO - current cycle: 16
2024-06-01T02:55:00.543Z - INFO - is in prepare phase
2024-06-01T02:55:00.544Z - INFO - updated balances this cycle true
2024-06-01T02:56:00.247Z - INFO - current burn block height: 15434
2024-06-01T02:56:00.550Z - INFO - current cycle: 16
2024-06-01T02:56:00.550Z - INFO - is in prepare phase
2024-06-01T02:56:00.551Z - INFO - updated balances this cycle true
